#
# There is insufficient memory for the Java Runtime Environment to continue.
# Native memory allocation (mmap) failed to map 300941312 bytes for Failed to commit area from 0x0000000095600000 to 0x00000000a7500000 of length 300941312.
# Possible reasons:
#   The system is out of physical RAM or swap space
#   The process is running with CompressedOops enabled, and the Java Heap may be blocking the growth of the native heap
# Possible solutions:
#   Reduce memory load on the system
#   Increase physical memory or swap space
#   Check if swap backing store is full
#   Decrease Java heap size (-Xmx/-Xms)
#   Decrease number of Java threads
#   Decrease Java thread stack sizes (-Xss)
#   Set larger code cache with -XX:ReservedCodeCacheSize=
#   JVM is running with Unscaled Compressed Oops mode in which the Java heap is
#     placed in the first 4GB address space. The Java Heap base address is the
#     maximum limit for the native heap growth. Please use -XX:HeapBaseMinAddress
#     to set the Java Heap base and to place the Java Heap above 4GB virtual address.
# This output file may be truncated or incomplete.
#
#  Out of Memory Error (./src/hotspot/os/windows/os_windows.cpp:3521), pid=956, tid=12588
#
# JRE version: OpenJDK Runtime Environment (11.0.12+7) (build 11.0.12+7-b1504.28-7817840)
# Java VM: OpenJDK 64-Bit Server VM (11.0.12+7-b1504.28-7817840, mixed mode, tiered, compressed oops, g1 gc, windows-amd64)
# No core dump will be written. Minidumps are not enabled by default on client versions of Windows
#

---------------  S U M M A R Y ------------

Command Line: --add-opens=java.base/java.util=ALL-UNNAMED --add-opens=java.base/java.lang=ALL-UNNAMED --add-opens=java.base/java.lang.invoke=ALL-UNNAMED --add-opens=java.base/java.util=ALL-UNNAMED --add-opens=java.prefs/java.util.prefs=ALL-UNNAMED --add-opens=java.prefs/java.util.prefs=ALL-UNNAMED --add-opens=java.base/java.nio.charset=ALL-UNNAMED --add-opens=java.base/java.net=ALL-UNNAMED --add-opens=java.base/java.util.concurrent.atomic=ALL-UNNAMED -Xmx2048m -Dfile.encoding=UTF-8 -Duser.country=US -Duser.language=en -Duser.variant org.gradle.launcher.daemon.bootstrap.GradleDaemon 7.3.3

Host: Intel(R) Core(TM) i5-6300U CPU @ 2.40GHz, 4 cores, 11G,  Windows 10 , 64 bit Build 19041 (10.0.19041.1889)
Time: Fri Aug 26 15:11:17 2022 SE Asia Standard Time elapsed time: 2529.249221 seconds (0d 0h 42m 9s)

---------------  T H R E A D  ---------------

Current thread (0x000001aa76bf2800):  VMThread "VM Thread" [stack: 0x0000008fcce00000,0x0000008fccf00000] [id=12588]

Stack: [0x0000008fcce00000,0x0000008fccf00000]
[error occurred during error reporting (printing stack bounds), id 0xc0000005, EXCEPTION_ACCESS_VIOLATION (0xc0000005) at pc=0x000001aa60ae112d]

Native frames: (J=compiled Java code, j=interpreted, Vv=VM code, C=native code)
V  [jvm.dll+0x5fbcea]
V  [jvm.dll+0x731905]
V  [jvm.dll+0x732f1d]
V  [jvm.dll+0x733535]
V  [jvm.dll+0x7334eb]
V  [jvm.dll+0x5fb080]
V  [jvm.dll+0x5fb818]
C  [ntdll.dll+0xa229f]
C  [ntdll.dll+0x51454]
C  [ntdll.dll+0xa0dce]
C  0x000001aa60ae112d

VM_Operation (0x0000008fd0efd1e0): G1CollectForAllocation, mode: safepoint, requested by thread 0x000001aa799a6000


---------------  P R O C E S S  ---------------

Threads class SMR info:
_java_thread_list=0x000001aa78570370, length=94, elements={
0x000001aa5cfcc800, 0x000001aa76c08000, 0x000001aa76c0e000, 0x000001aa77456800,
0x000001aa77458800, 0x000001aa7745a800, 0x000001aa77461800, 0x000001aa7746b000,
0x000001aa77476000, 0x000001aa775d0000, 0x000001aa787cb000, 0x000001aa78e48800,
0x000001aa7853c000, 0x000001aa77466000, 0x000001aa77465800, 0x000001aa77467000,
0x000001aa7746c000, 0x000001aa799a1000, 0x000001aa799a2000, 0x000001aa7999e000,
0x000001aa799a3000, 0x000001aa7999e800, 0x000001aa799a8800, 0x000001aa799aa000,
0x000001aa799a9800, 0x000001aa79e0b800, 0x000001aa79e08800, 0x000001aa79c05000,
0x000001aa79c03000, 0x000001aa79c03800, 0x000001aa79c04800, 0x000001aa79c06000,
0x000001aa79c02000, 0x000001aa79c07000, 0x000001aa79c01000, 0x000001aa79c08800,
0x000001aa79c09800, 0x000001aa79c0a000, 0x000001aa79c0c800, 0x000001aa79c0b000,
0x000001aa79c10000, 0x000001aa79c0c000, 0x000001aa79c0d800, 0x000001aa79c0e000,
0x000001aa79c0f000, 0x000001aa79e07800, 0x000001aa79e0a000, 0x000001aa79e0c800,
0x000001aa79e0a800, 0x000001aa79e06800, 0x000001aa79e0f000, 0x000001aa79e10800,
0x000001aa79e0d000, 0x000001aa79e0f800, 0x000001aa79e0e000, 0x000001aa79e11800,
0x000001aa79e15800, 0x000001aa79e12000, 0x000001aa79e13000, 0x000001aa79e13800,
0x000001aa79e14800, 0x000001aa7999f800, 0x000001aa7999d000, 0x000001aa799a6000,
0x000001aa799a0800, 0x000001aa799ab000, 0x000001aa799a7800, 0x000001aa799ab800,
0x000001aa77469800, 0x000001aa77468000, 0x000001aa77468800, 0x000001aa7746a000,
0x000001aa7cef0000, 0x000001aa7cef6800, 0x000001aa7cef1000, 0x000001aa7cef3800,
0x000001aa7cef6000, 0x000001aa7cef2800, 0x000001aa7cef7800, 0x000001aa7cef1800,
0x000001aa7cef5000, 0x000001aa7cefa000, 0x000001aa7cef4000, 0x000001aa7cefc800,
0x000001aa7cefb800, 0x000001aa7cef8800, 0x000001aa7cefa800, 0x000001aa02106800,
0x000001aa02101000, 0x000001aa02107800, 0x000001aa02103800, 0x000001aa02106000,
0x000001aa02101800, 0x000001aa02104000
}

Java Threads: ( => current thread )
  0x000001aa5cfcc800 JavaThread "main" [_thread_blocked, id=7428, stack(0x0000008fcc800000,0x0000008fcc900000)]
  0x000001aa76c08000 JavaThread "Reference Handler" daemon [_thread_blocked, id=2716, stack(0x0000008fccf00000,0x0000008fcd000000)]
  0x000001aa76c0e000 JavaThread "Finalizer" daemon [_thread_blocked, id=10984, stack(0x0000008fcd000000,0x0000008fcd100000)]
  0x000001aa77456800 JavaThread "Signal Dispatcher" daemon [_thread_blocked, id=10948, stack(0x0000008fcd100000,0x0000008fcd200000)]
  0x000001aa77458800 JavaThread "Attach Listener" daemon [_thread_blocked, id=632, stack(0x0000008fcd200000,0x0000008fcd300000)]
  0x000001aa7745a800 JavaThread "Service Thread" daemon [_thread_blocked, id=11164, stack(0x0000008fcd300000,0x0000008fcd400000)]
  0x000001aa77461800 JavaThread "C2 CompilerThread0" daemon [_thread_blocked, id=3416, stack(0x0000008fcd400000,0x0000008fcd500000)]
  0x000001aa7746b000 JavaThread "C1 CompilerThread0" daemon [_thread_blocked, id=6272, stack(0x0000008fcd500000,0x0000008fcd600000)]
  0x000001aa77476000 JavaThread "Sweeper thread" daemon [_thread_blocked, id=6196, stack(0x0000008fcd600000,0x0000008fcd700000)]
  0x000001aa775d0000 JavaThread "Common-Cleaner" daemon [_thread_blocked, id=7600, stack(0x0000008fcd700000,0x0000008fcd800000)]
  0x000001aa787cb000 JavaThread "Daemon health stats" [_thread_blocked, id=5824, stack(0x0000008fcdd00000,0x0000008fcde00000)]
  0x000001aa78e48800 JavaThread "Incoming local TCP Connector on port 56176" [_thread_in_native, id=9456, stack(0x0000008fcd900000,0x0000008fcda00000)]
  0x000001aa7853c000 JavaThread "Daemon periodic checks" [_thread_blocked, id=10820, stack(0x0000008fcde00000,0x0000008fcdf00000)]
  0x000001aa77466000 JavaThread "Cache worker for journal cache (C:\Users\Vann\.gradle\caches\journal-1)" [_thread_blocked, id=5216, stack(0x0000008fce600000,0x0000008fce700000)]
  0x000001aa77465800 JavaThread "File lock request listener" [_thread_in_native, id=7724, stack(0x0000008fce700000,0x0000008fce800000)]
  0x000001aa77467000 JavaThread "Cache worker for file hash cache (C:\Users\Vann\.gradle\caches\7.3.3\fileHashes)" [_thread_blocked, id=10124, stack(0x0000008fce800000,0x0000008fce900000)]
  0x000001aa7746c000 JavaThread "File watcher server" daemon [_thread_blocked, id=11048, stack(0x0000008fceb00000,0x0000008fcec00000)]
  0x000001aa799a1000 JavaThread "File watcher consumer" daemon [_thread_blocked, id=8312, stack(0x0000008fcec00000,0x0000008fced00000)]
  0x000001aa799a2000 JavaThread "jar transforms" [_thread_blocked, id=888, stack(0x0000008fced00000,0x0000008fcee00000)]
  0x000001aa7999e000 JavaThread "jar transforms Thread 2" [_thread_blocked, id=3540, stack(0x0000008fcee00000,0x0000008fcef00000)]
  0x000001aa799a3000 JavaThread "jar transforms Thread 3" [_thread_blocked, id=2484, stack(0x0000008fcef00000,0x0000008fcf000000)]
  0x000001aa7999e800 JavaThread "jar transforms Thread 4" [_thread_blocked, id=1028, stack(0x0000008fcf000000,0x0000008fcf100000)]
  0x000001aa799a8800 JavaThread "Cache worker for execution history cache (C:\Users\Vann\.gradle\caches\7.3.3\executionHistory)" [_thread_blocked, id=13088, stack(0x0000008fcf300000,0x0000008fcf400000)]
  0x000001aa799aa000 JavaThread "Cache worker for file content cache (C:\Users\Vann\.gradle\caches\7.3.3\fileContent)" [_thread_blocked, id=1516, stack(0x0000008fcf500000,0x0000008fcf600000)]
  0x000001aa799a9800 JavaThread "Memory manager" [_thread_blocked, id=11312, stack(0x0000008fd2000000,0x0000008fd2100000)]
  0x000001aa79e0b800 JavaThread "Daemon Thread 3" [_thread_blocked, id=11008, stack(0x0000008fcc500000,0x0000008fcc600000)]
  0x000001aa79e08800 JavaThread "Daemon worker Thread 3" [_thread_blocked, id=10884, stack(0x0000008fcdf00000,0x0000008fce000000)]
  0x000001aa79c05000 JavaThread "Handler for socket connection from /127.0.0.1:56176 to /127.0.0.1:63571" [_thread_in_native, id=7260, stack(0x0000008fcc600000,0x0000008fcc700000)]
  0x000001aa79c03000 JavaThread "Cancel handler" [_thread_blocked, id=7560, stack(0x0000008fcc700000,0x0000008fcc800000)]
  0x000001aa79c03800 JavaThread "Asynchronous log dispatcher for DefaultDaemonConnection: socket connection from /127.0.0.1:56176 to /127.0.0.1:63571" [_thread_blocked, id=6976, stack(0x0000008fce000000,0x0000008fce100000)]
  0x000001aa79c04800 JavaThread "Stdin handler" [_thread_blocked, id=5988, stack(0x0000008fce100000,0x0000008fce200000)]
  0x000001aa79c06000 JavaThread "Daemon client event forwarder" [_thread_blocked, id=7216, stack(0x0000008fce200000,0x0000008fce300000)]
  0x000001aa79c02000 JavaThread "Cache worker for file hash cache (C:\Users\Vann\Documents\Code\MySchoolApp\.gradle\7.3.3\fileHashes)" [_thread_blocked, id=12492, stack(0x0000008fce300000,0x0000008fce400000)]
  0x000001aa79c07000 JavaThread "Cache worker for checksums cache (C:\Users\Vann\Documents\Code\MySchoolApp\.gradle\7.3.3\checksums)" [_thread_blocked, id=9808, stack(0x0000008fce400000,0x0000008fce500000)]
  0x000001aa79c01000 JavaThread "Cache worker for cache directory md-supplier (C:\Users\Vann\.gradle\caches\7.3.3\md-supplier)" [_thread_blocked, id=728, stack(0x0000008fce500000,0x0000008fce600000)]
  0x000001aa79c08800 JavaThread "Cache worker for cache directory md-rule (C:\Users\Vann\.gradle\caches\7.3.3\md-rule)" [_thread_blocked, id=13252, stack(0x0000008fcea00000,0x0000008fceb00000)]
  0x000001aa79c09800 JavaThread "Cache worker for dependencies-accessors (C:\Users\Vann\Documents\Code\MySchoolApp\.gradle\7.3.3\dependencies-accessors)" [_thread_blocked, id=11064, stack(0x0000008fcf100000,0x0000008fcf200000)]
  0x000001aa79c0a000 JavaThread "Cache worker for Build Output Cleanup Cache (C:\Users\Vann\Documents\Code\MySchoolApp\.gradle\buildOutputCleanup)" [_thread_blocked, id=11800, stack(0x0000008fcf200000,0x0000008fcf300000)]
  0x000001aa79c0c800 JavaThread "Unconstrained build operations" [_thread_blocked, id=9796, stack(0x0000008fcf400000,0x0000008fcf500000)]
  0x000001aa79c0b000 JavaThread "Unconstrained build operations Thread 2" [_thread_blocked, id=8660, stack(0x0000008fcf600000,0x0000008fcf700000)]
  0x000001aa79c10000 JavaThread "Unconstrained build operations Thread 3" [_thread_blocked, id=12480, stack(0x0000008fcf700000,0x0000008fcf800000)]
  0x000001aa79c0c000 JavaThread "Unconstrained build operations Thread 4" [_thread_blocked, id=11836, stack(0x0000008fcf800000,0x0000008fcf900000)]
  0x000001aa79c0d800 JavaThread "Unconstrained build operations Thread 5" [_thread_blocked, id=5748, stack(0x0000008fcf900000,0x0000008fcfa00000)]
  0x000001aa79c0e000 JavaThread "Unconstrained build operations Thread 6" [_thread_blocked, id=12440, stack(0x0000008fcfa00000,0x0000008fcfb00000)]
  0x000001aa79c0f000 JavaThread "Unconstrained build operations Thread 7" [_thread_blocked, id=13128, stack(0x0000008fcfb00000,0x0000008fcfc00000)]
  0x000001aa79e07800 JavaThread "Unconstrained build operations Thread 8" [_thread_blocked, id=3280, stack(0x0000008fcfc00000,0x0000008fcfd00000)]
  0x000001aa79e0a000 JavaThread "Unconstrained build operations Thread 9" [_thread_blocked, id=3736, stack(0x0000008fcfd00000,0x0000008fcfe00000)]
  0x000001aa79e0c800 JavaThread "Unconstrained build operations Thread 10" [_thread_blocked, id=10296, stack(0x0000008fcfe00000,0x0000008fcff00000)]
  0x000001aa79e0a800 JavaThread "Unconstrained build operations Thread 11" [_thread_blocked, id=8560, stack(0x0000008fcff00000,0x0000008fd0000000)]
  0x000001aa79e06800 JavaThread "Unconstrained build operations Thread 12" [_thread_blocked, id=11028, stack(0x0000008fd0000000,0x0000008fd0100000)]
  0x000001aa79e0f000 JavaThread "Unconstrained build operations Thread 13" [_thread_blocked, id=12148, stack(0x0000008fd0100000,0x0000008fd0200000)]
  0x000001aa79e10800 JavaThread "Unconstrained build operations Thread 14" [_thread_blocked, id=11132, stack(0x0000008fd0200000,0x0000008fd0300000)]
  0x000001aa79e0d000 JavaThread "Unconstrained build operations Thread 15" [_thread_blocked, id=6492, stack(0x0000008fd0300000,0x0000008fd0400000)]
  0x000001aa79e0f800 JavaThread "Unconstrained build operations Thread 16" [_thread_blocked, id=10392, stack(0x0000008fd0400000,0x0000008fd0500000)]
  0x000001aa79e0e000 JavaThread "Unconstrained build operations Thread 17" [_thread_blocked, id=5368, stack(0x0000008fd0500000,0x0000008fd0600000)]
  0x000001aa79e11800 JavaThread "Unconstrained build operations Thread 18" [_thread_blocked, id=712, stack(0x0000008fd0600000,0x0000008fd0700000)]
  0x000001aa79e15800 JavaThread "Unconstrained build operations Thread 19" [_thread_blocked, id=8036, stack(0x0000008fd0700000,0x0000008fd0800000)]
  0x000001aa79e12000 JavaThread "Unconstrained build operations Thread 20" [_thread_blocked, id=4360, stack(0x0000008fd0800000,0x0000008fd0900000)]
  0x000001aa79e13000 JavaThread "Unconstrained build operations Thread 21" [_thread_blocked, id=11068, stack(0x0000008fd0900000,0x0000008fd0a00000)]
  0x000001aa79e13800 JavaThread "Unconstrained build operations Thread 22" [_thread_blocked, id=2688, stack(0x0000008fd0a00000,0x0000008fd0b00000)]
  0x000001aa79e14800 JavaThread "Unconstrained build operations Thread 23" [_thread_blocked, id=2804, stack(0x0000008fd0b00000,0x0000008fd0c00000)]
  0x000001aa7999f800 JavaThread "Unconstrained build operations Thread 24" [_thread_blocked, id=7932, stack(0x0000008fd0c00000,0x0000008fd0d00000)]
  0x000001aa7999d000 JavaThread "Unconstrained build operations Thread 25" [_thread_blocked, id=3876, stack(0x0000008fd0d00000,0x0000008fd0e00000)]
  0x000001aa799a6000 JavaThread "Unconstrained build operations Thread 26" [_thread_blocked, id=12392, stack(0x0000008fd0e00000,0x0000008fd0f00000)]
  0x000001aa799a0800 JavaThread "Unconstrained build operations Thread 27" [_thread_blocked, id=9108, stack(0x0000008fd0f00000,0x0000008fd1000000)]
  0x000001aa799ab000 JavaThread "Unconstrained build operations Thread 28" [_thread_blocked, id=2532, stack(0x0000008fd1000000,0x0000008fd1100000)]
  0x000001aa799a7800 JavaThread "Unconstrained build operations Thread 29" [_thread_blocked, id=4508, stack(0x0000008fd1100000,0x0000008fd1200000)]
  0x000001aa799ab800 JavaThread "Unconstrained build operations Thread 30" [_thread_blocked, id=3124, stack(0x0000008fd1200000,0x0000008fd1300000)]
  0x000001aa77469800 JavaThread "Unconstrained build operations Thread 31" [_thread_blocked, id=2996, stack(0x0000008fd1300000,0x0000008fd1400000)]
  0x000001aa77468000 JavaThread "Unconstrained build operations Thread 32" [_thread_blocked, id=9392, stack(0x0000008fd1400000,0x0000008fd1500000)]
  0x000001aa77468800 JavaThread "Unconstrained build operations Thread 33" [_thread_blocked, id=12576, stack(0x0000008fd1500000,0x0000008fd1600000)]
  0x000001aa7746a000 JavaThread "Unconstrained build operations Thread 34" [_thread_blocked, id=9948, stack(0x0000008fd1600000,0x0000008fd1700000)]
  0x000001aa7cef0000 JavaThread "Unconstrained build operations Thread 35" [_thread_blocked, id=10504, stack(0x0000008fd1700000,0x0000008fd1800000)]
  0x000001aa7cef6800 JavaThread "Unconstrained build operations Thread 36" [_thread_blocked, id=4108, stack(0x0000008fd1800000,0x0000008fd1900000)]
  0x000001aa7cef1000 JavaThread "Unconstrained build operations Thread 37" [_thread_blocked, id=10588, stack(0x0000008fd1900000,0x0000008fd1a00000)]
  0x000001aa7cef3800 JavaThread "Unconstrained build operations Thread 38" [_thread_blocked, id=620, stack(0x0000008fd1a00000,0x0000008fd1b00000)]
  0x000001aa7cef6000 JavaThread "Unconstrained build operations Thread 39" [_thread_blocked, id=11944, stack(0x0000008fd1b00000,0x0000008fd1c00000)]
  0x000001aa7cef2800 JavaThread "Unconstrained build operations Thread 40" [_thread_blocked, id=12052, stack(0x0000008fd1c00000,0x0000008fd1d00000)]
  0x000001aa7cef7800 JavaThread "build event listener" [_thread_blocked, id=6784, stack(0x0000008fd1f00000,0x0000008fd2000000)]
  0x000001aa7cef1800 JavaThread "Execution worker for ':'" [_thread_blocked, id=8432, stack(0x0000008fd2100000,0x0000008fd2200000)]
  0x000001aa7cef5000 JavaThread "Execution worker for ':' Thread 2" [_thread_blocked, id=1296, stack(0x0000008fd2200000,0x0000008fd2300000)]
  0x000001aa7cefa000 JavaThread "Execution worker for ':' Thread 3" [_thread_blocked, id=2452, stack(0x0000008fd2300000,0x0000008fd2400000)]
  0x000001aa7cef4000 JavaThread "Cache worker for execution history cache (C:\Users\Vann\Documents\Code\MySchoolApp\.gradle\7.3.3\executionHistory)" [_thread_blocked, id=2952, stack(0x0000008fd2400000,0x0000008fd2500000)]
  0x000001aa7cefc800 JavaThread "WorkerExecutor Queue" [_thread_blocked, id=5240, stack(0x0000008fd2500000,0x0000008fd2600000)]
  0x000001aa7cefb800 JavaThread "WorkerExecutor Queue Thread 2" [_thread_blocked, id=9360, stack(0x0000008fd2600000,0x0000008fd2700000)]
  0x000001aa7cef8800 JavaThread "WorkerExecutor Queue Thread 3" [_thread_blocked, id=4884, stack(0x0000008fd2700000,0x0000008fd2800000)]
  0x000001aa7cefa800 JavaThread "WorkerExecutor Queue Thread 4" [_thread_blocked, id=8116, stack(0x0000008fd2800000,0x0000008fd2900000)]
  0x000001aa02106800 JavaThread "pool-8-thread-1" [_thread_blocked, id=2356, stack(0x0000008fd2900000,0x0000008fd2a00000)]
  0x000001aa02101000 JavaThread "stderr" [_thread_in_native, id=1256, stack(0x0000008fd2a00000,0x0000008fd2b00000)]
  0x000001aa02107800 JavaThread "stdout" [_thread_in_native, id=3600, stack(0x0000008fd2b00000,0x0000008fd2c00000)]
  0x000001aa02103800 JavaThread "ForkJoinPool-1-worker-3" daemon [_thread_blocked, id=2316, stack(0x0000008fd2c00000,0x0000008fd2d00000)]
  0x000001aa02106000 JavaThread "ForkJoinPool-1-worker-5" daemon [_thread_blocked, id=8696, stack(0x0000008fd2d00000,0x0000008fd2e00000)]
  0x000001aa02101800 JavaThread "ForkJoinPool-1-worker-7" daemon [_thread_blocked, id=12508, stack(0x0000008fd2e00000,0x0000008fd2f00000)]
  0x000001aa02104000 JavaThread "ForkJoinPool-1-worker-1" daemon [_thread_blocked, id=11724, stack(0x0000008fd2f00000,0x0000008fd3000000)]

Other Threads:
=>0x000001aa76bf2800 VMThread "VM Thread" [stack: 0x0000008fcce00000,0x0000008fccf00000] [id=12588]
  0x000001aa775f9000 WatcherThread [stack: 0x0000008fcd800000,0x0000008fcd900000] [id=6200]
  0x000001aa5cfe6000 GCTaskThread "GC Thread#0" [stack: 0x0000008fcc900000,0x0000008fcca00000] [id=10648]
  0x000001aa77d12800 GCTaskThread "GC Thread#1" [stack: 0x0000008fcda00000,0x0000008fcdb00000] [id=10284]
  0x000001aa77b20800 GCTaskThread "GC Thread#2" [stack: 0x0000008fcdb00000,0x0000008fcdc00000] [id=1480]
  0x000001aa77972000 GCTaskThread "GC Thread#3" [stack: 0x0000008fcdc00000,0x0000008fcdd00000] [id=10072]
  0x000001aa5d018000 ConcurrentGCThread "G1 Main Marker" [stack: 0x0000008fcca00000,0x0000008fccb00000] [id=1664]
  0x000001aa5d019800 ConcurrentGCThread "G1 Conc#0" [stack: 0x0000008fccb00000,0x0000008fccc00000] [id=6176]
  0x000001aa76a40800 ConcurrentGCThread "G1 Refine#0" [stack: 0x0000008fccc00000,0x0000008fccd00000] [id=8048]
  0x000001aa795ad800 ConcurrentGCThread "G1 Refine#1" [stack: 0x0000008fce900000,0x0000008fcea00000] [id=12408]
  0x000001aa795ae800 ConcurrentGCThread "G1 Refine#2" [stack: 0x0000008fd1d00000,0x0000008fd1e00000] [id=10740]
  0x000001aa795af000 ConcurrentGCThread "G1 Refine#3" [stack: 0x0000008fd1e00000,0x0000008fd1f00000] [id=12008]
  0x000001aa76a41000 ConcurrentGCThread "G1 Young RemSet Sampling" [stack: 0x0000008fccd00000,0x0000008fcce00000] [id=11256]

Threads with active compile tasks:
C2 CompilerThread02529304 27322 %     4       com.android.tools.r8.dex.j::m @ 64 (2094 bytes)

VM state:at safepoint (normal execution)

VM Mutex/Monitor currently owned by a thread:  ([mutex/lock_event])
[0x000001aa5cfc8560] Threads_lock - owner thread: 0x000001aa76bf2800
[0x000001aa5cfc8c20] Heap_lock - owner thread: 0x000001aa799a6000

Heap address: 0x0000000080000000, size: 2048 MB, Compressed Oops mode: 32-bit
Narrow klass base: 0x0000000000000000, Narrow klass shift: 3
Compressed class space size: 1073741824 Address: 0x0000000100000000

Heap:
 garbage-first heap   total 644096K, used 270848K [0x0000000080000000, 0x0000000100000000)
  region size 1024K, 4 young (4096K), 4 survivors (4096K)
 Metaspace       used 146846K, capacity 151112K, committed 151244K, reserved 1181696K
  class space    used 18150K, capacity 19633K, committed 19660K, reserved 1048576K
Heap Regions: E=young(eden), S=young(survivor), O=old, HS=humongous(starts), HC=humongous(continues), CS=collection set, F=free, A=archive, TAMS=top-at-mark-start (previous, next)
|   0|0x0000000080000000, 0x0000000080100000, 0x0000000080100000|100%| O|  |TAMS 0x0000000080100000, 0x0000000080100000| Untracked 
|   1|0x0000000080100000, 0x0000000080200000, 0x0000000080200000|100%| O|  |TAMS 0x0000000080200000, 0x0000000080200000| Untracked 
|   2|0x0000000080200000, 0x0000000080300000, 0x0000000080300000|100%| O|  |TAMS 0x0000000080300000, 0x0000000080300000| Untracked 
|   3|0x0000000080300000, 0x0000000080400000, 0x0000000080400000|100%|HS|  |TAMS 0x0000000080400000, 0x0000000080400000| Complete 
|   4|0x0000000080400000, 0x0000000080500000, 0x0000000080500000|100%|HC|  |TAMS 0x0000000080500000, 0x0000000080500000| Complete 
|   5|0x0000000080500000, 0x0000000080600000, 0x0000000080600000|100%|HC|  |TAMS 0x0000000080600000, 0x0000000080600000| Complete 
|   6|0x0000000080600000, 0x0000000080700000, 0x0000000080700000|100%| O|  |TAMS 0x0000000080700000, 0x0000000080700000| Untracked 
|   7|0x0000000080700000, 0x0000000080800000, 0x0000000080800000|100%| O|  |TAMS 0x0000000080800000, 0x0000000080800000| Untracked 
|   8|0x0000000080800000, 0x0000000080900000, 0x0000000080900000|100%| O|  |TAMS 0x0000000080900000, 0x0000000080900000| Untracked 
|   9|0x0000000080900000, 0x0000000080a00000, 0x0000000080a00000|100%| O|  |TAMS 0x0000000080a00000, 0x0000000080a00000| Untracked 
|  10|0x0000000080a00000, 0x0000000080b00000, 0x0000000080b00000|100%| O|  |TAMS 0x0000000080b00000, 0x0000000080b00000| Untracked 
|  11|0x0000000080b00000, 0x0000000080c00000, 0x0000000080c00000|100%| O|  |TAMS 0x0000000080c00000, 0x0000000080c00000| Untracked 
|  12|0x0000000080c00000, 0x0000000080d00000, 0x0000000080d00000|100%| O|  |TAMS 0x0000000080d00000, 0x0000000080d00000| Untracked 
|  13|0x0000000080d00000, 0x0000000080e00000, 0x0000000080e00000|100%| O|  |TAMS 0x0000000080e00000, 0x0000000080e00000| Untracked 
|  14|0x0000000080e00000, 0x0000000080f00000, 0x0000000080f00000|100%| O|  |TAMS 0x0000000080f00000, 0x0000000080f00000| Untracked 
|  15|0x0000000080f00000, 0x0000000081000000, 0x0000000081000000|100%| O|  |TAMS 0x0000000081000000, 0x0000000081000000| Untracked 
|  16|0x0000000081000000, 0x0000000081100000, 0x0000000081100000|100%|HS|  |TAMS 0x0000000081100000, 0x0000000081100000| Complete 
|  17|0x0000000081100000, 0x0000000081200000, 0x0000000081200000|100%|HC|  |TAMS 0x0000000081200000, 0x0000000081200000| Complete 
|  18|0x0000000081200000, 0x0000000081300000, 0x0000000081300000|100%|HS|  |TAMS 0x0000000081300000, 0x0000000081300000| Complete 
|  19|0x0000000081300000, 0x0000000081400000, 0x0000000081400000|100%|HC|  |TAMS 0x0000000081400000, 0x0000000081400000| Complete 
|  20|0x0000000081400000, 0x0000000081500000, 0x0000000081500000|100%|HC|  |TAMS 0x0000000081500000, 0x0000000081500000| Complete 
|  21|0x0000000081500000, 0x0000000081600000, 0x0000000081600000|100%|HS|  |TAMS 0x0000000081600000, 0x0000000081600000| Complete 
|  22|0x0000000081600000, 0x0000000081700000, 0x0000000081700000|100%|HS|  |TAMS 0x0000000081700000, 0x0000000081700000| Complete 
|  23|0x0000000081700000, 0x0000000081800000, 0x0000000081800000|100%|HC|  |TAMS 0x0000000081800000, 0x0000000081800000| Complete 
|  24|0x0000000081800000, 0x0000000081900000, 0x0000000081900000|100%|HC|  |TAMS 0x0000000081900000, 0x0000000081900000| Complete 
|  25|0x0000000081900000, 0x0000000081a00000, 0x0000000081a00000|100%|HC|  |TAMS 0x0000000081a00000, 0x0000000081a00000| Complete 
|  26|0x0000000081a00000, 0x0000000081b00000, 0x0000000081b00000|100%|HS|  |TAMS 0x0000000081b00000, 0x0000000081b00000| Complete 
|  27|0x0000000081b00000, 0x0000000081c00000, 0x0000000081c00000|100%| O|  |TAMS 0x0000000081c00000, 0x0000000081c00000| Untracked 
|  28|0x0000000081c00000, 0x0000000081d00000, 0x0000000081d00000|100%| O|  |TAMS 0x0000000081d00000, 0x0000000081d00000| Untracked 
|  29|0x0000000081d00000, 0x0000000081e00000, 0x0000000081e00000|100%|HS|  |TAMS 0x0000000081e00000, 0x0000000081e00000| Complete 
|  30|0x0000000081e00000, 0x0000000081f00000, 0x0000000081f00000|100%|HS|  |TAMS 0x0000000081f00000, 0x0000000081f00000| Complete 
|  31|0x0000000081f00000, 0x0000000082000000, 0x0000000082000000|100%|HC|  |TAMS 0x0000000082000000, 0x0000000082000000| Complete 
|  32|0x0000000082000000, 0x0000000082100000, 0x0000000082100000|100%|HC|  |TAMS 0x0000000082100000, 0x0000000082100000| Complete 
|  33|0x0000000082100000, 0x0000000082200000, 0x0000000082200000|100%| O|  |TAMS 0x0000000082200000, 0x0000000082200000| Untracked 
|  34|0x0000000082200000, 0x0000000082300000, 0x0000000082300000|100%| O|  |TAMS 0x0000000082300000, 0x0000000082300000| Untracked 
|  35|0x0000000082300000, 0x0000000082400000, 0x0000000082400000|100%| O|  |TAMS 0x0000000082400000, 0x0000000082400000| Untracked 
|  36|0x0000000082400000, 0x0000000082500000, 0x0000000082500000|100%| O|  |TAMS 0x0000000082500000, 0x0000000082500000| Untracked 
|  37|0x0000000082500000, 0x0000000082600000, 0x0000000082600000|100%|HS|  |TAMS 0x0000000082600000, 0x0000000082600000| Complete 
|  38|0x0000000082600000, 0x0000000082700000, 0x0000000082700000|100%|HC|  |TAMS 0x0000000082700000, 0x0000000082700000| Complete 
|  39|0x0000000082700000, 0x0000000082800000, 0x0000000082800000|100%|HC|  |TAMS 0x0000000082800000, 0x0000000082800000| Complete 
|  40|0x0000000082800000, 0x0000000082900000, 0x0000000082900000|100%|HC|  |TAMS 0x0000000082900000, 0x0000000082900000| Complete 
|  41|0x0000000082900000, 0x0000000082a00000, 0x0000000082a00000|100%| O|  |TAMS 0x0000000082a00000, 0x0000000082a00000| Untracked 
|  42|0x0000000082a00000, 0x0000000082b00000, 0x0000000082b00000|100%| O|  |TAMS 0x0000000082b00000, 0x0000000082b00000| Untracked 
|  43|0x0000000082b00000, 0x0000000082c00000, 0x0000000082c00000|100%| O|  |TAMS 0x0000000082c00000, 0x0000000082c00000| Untracked 
|  44|0x0000000082c00000, 0x0000000082d00000, 0x0000000082d00000|100%| O|  |TAMS 0x0000000082d00000, 0x0000000082d00000| Untracked 
|  45|0x0000000082d00000, 0x0000000082e00000, 0x0000000082e00000|100%| O|  |TAMS 0x0000000082e00000, 0x0000000082e00000| Untracked 
|  46|0x0000000082e00000, 0x0000000082f00000, 0x0000000082f00000|100%|HS|  |TAMS 0x0000000082f00000, 0x0000000082f00000| Complete 
|  47|0x0000000082f00000, 0x0000000083000000, 0x0000000083000000|100%|HS|  |TAMS 0x0000000083000000, 0x0000000083000000| Complete 
|  48|0x0000000083000000, 0x0000000083100000, 0x0000000083100000|100%|HC|  |TAMS 0x0000000083100000, 0x0000000083100000| Complete 
|  49|0x0000000083100000, 0x0000000083200000, 0x0000000083200000|100%| O|  |TAMS 0x0000000083200000, 0x0000000083200000| Untracked 
|  50|0x0000000083200000, 0x0000000083300000, 0x0000000083300000|100%| O|  |TAMS 0x0000000083300000, 0x0000000083300000| Untracked 
|  51|0x0000000083300000, 0x0000000083400000, 0x0000000083400000|100%| O|  |TAMS 0x0000000083400000, 0x0000000083400000| Untracked 
|  52|0x0000000083400000, 0x0000000083500000, 0x0000000083500000|100%| O|  |TAMS 0x0000000083500000, 0x0000000083500000| Untracked 
|  53|0x0000000083500000, 0x0000000083600000, 0x0000000083600000|100%| O|  |TAMS 0x0000000083600000, 0x0000000083600000| Untracked 
|  54|0x0000000083600000, 0x0000000083700000, 0x0000000083700000|100%| O|  |TAMS 0x0000000083700000, 0x0000000083700000| Untracked 
|  55|0x0000000083700000, 0x0000000083800000, 0x0000000083800000|100%| O|  |TAMS 0x0000000083700000, 0x0000000083800000| Untracked 
|  56|0x0000000083800000, 0x0000000083900000, 0x0000000083900000|100%| O|  |TAMS 0x0000000083900000, 0x0000000083900000| Untracked 
|  57|0x0000000083900000, 0x0000000083a00000, 0x0000000083a00000|100%| O|  |TAMS 0x0000000083a00000, 0x0000000083a00000| Untracked 
|  58|0x0000000083a00000, 0x0000000083b00000, 0x0000000083b00000|100%| O|  |TAMS 0x0000000083b00000, 0x0000000083b00000| Untracked 
|  59|0x0000000083b00000, 0x0000000083c00000, 0x0000000083c00000|100%| O|  |TAMS 0x0000000083c00000, 0x0000000083c00000| Untracked 
|  60|0x0000000083c00000, 0x0000000083d00000, 0x0000000083d00000|100%| O|  |TAMS 0x0000000083d00000, 0x0000000083d00000| Untracked 
|  61|0x0000000083d00000, 0x0000000083e00000, 0x0000000083e00000|100%| O|  |TAMS 0x0000000083e00000, 0x0000000083e00000| Untracked 
|  62|0x0000000083e00000, 0x0000000083f00000, 0x0000000083f00000|100%| O|  |TAMS 0x0000000083f00000, 0x0000000083f00000| Untracked 
|  63|0x0000000083f00000, 0x0000000084000000, 0x0000000084000000|100%| O|  |TAMS 0x0000000084000000, 0x0000000084000000| Untracked 
|  64|0x0000000084000000, 0x0000000084100000, 0x0000000084100000|100%| O|  |TAMS 0x0000000084100000, 0x0000000084100000| Untracked 
|  65|0x0000000084100000, 0x0000000084200000, 0x0000000084200000|100%| O|  |TAMS 0x0000000084200000, 0x0000000084200000| Untracked 
|  66|0x0000000084200000, 0x0000000084300000, 0x0000000084300000|100%| O|  |TAMS 0x0000000084300000, 0x0000000084300000| Untracked 
|  67|0x0000000084300000, 0x0000000084400000, 0x0000000084400000|100%| O|  |TAMS 0x0000000084400000, 0x0000000084400000| Untracked 
|  68|0x0000000084400000, 0x0000000084500000, 0x0000000084500000|100%| O|  |TAMS 0x0000000084500000, 0x0000000084500000| Untracked 
|  69|0x0000000084500000, 0x0000000084600000, 0x0000000084600000|100%| O|  |TAMS 0x0000000084600000, 0x0000000084600000| Untracked 
|  70|0x0000000084600000, 0x0000000084700000, 0x0000000084700000|100%| O|  |TAMS 0x0000000084700000, 0x0000000084700000| Untracked 
|  71|0x0000000084700000, 0x0000000084800000, 0x0000000084800000|100%| O|  |TAMS 0x0000000084700000, 0x0000000084800000| Untracked 
|  72|0x0000000084800000, 0x0000000084900000, 0x0000000084900000|100%| O|  |TAMS 0x0000000084900000, 0x0000000084900000| Untracked 
|  73|0x0000000084900000, 0x0000000084a00000, 0x0000000084a00000|100%|HS|  |TAMS 0x0000000084a00000, 0x0000000084a00000| Complete 
|  74|0x0000000084a00000, 0x0000000084b00000, 0x0000000084b00000|100%|HC|  |TAMS 0x0000000084b00000, 0x0000000084b00000| Complete 
|  75|0x0000000084b00000, 0x0000000084c00000, 0x0000000084c00000|100%|HS|  |TAMS 0x0000000084c00000, 0x0000000084c00000| Complete 
|  76|0x0000000084c00000, 0x0000000084d00000, 0x0000000084d00000|100%|HC|  |TAMS 0x0000000084d00000, 0x0000000084d00000| Complete 
|  77|0x0000000084d00000, 0x0000000084e00000, 0x0000000084e00000|100%|HC|  |TAMS 0x0000000084e00000, 0x0000000084e00000| Complete 
|  78|0x0000000084e00000, 0x0000000084f00000, 0x0000000084f00000|100%|HS|  |TAMS 0x0000000084f00000, 0x0000000084f00000| Complete 
|  79|0x0000000084f00000, 0x0000000085000000, 0x0000000085000000|100%|HS|  |TAMS 0x0000000085000000, 0x0000000085000000| Complete 
|  80|0x0000000085000000, 0x0000000085100000, 0x0000000085100000|100%|HC|  |TAMS 0x0000000085100000, 0x0000000085100000| Complete 
|  81|0x0000000085100000, 0x0000000085200000, 0x0000000085200000|100%|HC|  |TAMS 0x0000000085200000, 0x0000000085200000| Complete 
|  82|0x0000000085200000, 0x0000000085300000, 0x0000000085300000|100%|HC|  |TAMS 0x0000000085300000, 0x0000000085300000| Complete 
|  83|0x0000000085300000, 0x0000000085400000, 0x0000000085400000|100%| O|  |TAMS 0x0000000085400000, 0x0000000085400000| Untracked 
|  84|0x0000000085400000, 0x0000000085500000, 0x0000000085500000|100%| O|  |TAMS 0x0000000085500000, 0x0000000085500000| Untracked 
|  85|0x0000000085500000, 0x0000000085600000, 0x0000000085600000|100%| O|  |TAMS 0x0000000085600000, 0x0000000085600000| Untracked 
|  86|0x0000000085600000, 0x0000000085700000, 0x0000000085700000|100%| O|  |TAMS 0x0000000085700000, 0x0000000085700000| Untracked 
|  87|0x0000000085700000, 0x0000000085800000, 0x0000000085800000|100%| O|  |TAMS 0x0000000085800000, 0x0000000085800000| Untracked 
|  88|0x0000000085800000, 0x0000000085900000, 0x0000000085900000|100%| O|  |TAMS 0x0000000085800000, 0x0000000085900000| Untracked 
|  89|0x0000000085900000, 0x0000000085a00000, 0x0000000085a00000|100%| O|  |TAMS 0x0000000085a00000, 0x0000000085a00000| Untracked 
|  90|0x0000000085a00000, 0x0000000085b00000, 0x0000000085b00000|100%| O|  |TAMS 0x0000000085b00000, 0x0000000085b00000| Untracked 
|  91|0x0000000085b00000, 0x0000000085c00000, 0x0000000085c00000|100%| O|  |TAMS 0x0000000085b00000, 0x0000000085c00000| Untracked 
|  92|0x0000000085c00000, 0x0000000085d00000, 0x0000000085d00000|100%| O|  |TAMS 0x0000000085d00000, 0x0000000085d00000| Untracked 
|  93|0x0000000085d00000, 0x0000000085e00000, 0x0000000085e00000|100%| O|  |TAMS 0x0000000085e00000, 0x0000000085e00000| Untracked 
|  94|0x0000000085e00000, 0x0000000085f00000, 0x0000000085f00000|100%| O|  |TAMS 0x0000000085f00000, 0x0000000085f00000| Untracked 
|  95|0x0000000085f00000, 0x0000000086000000, 0x0000000086000000|100%| O|  |TAMS 0x0000000086000000, 0x0000000086000000| Untracked 
|  96|0x0000000086000000, 0x0000000086100000, 0x0000000086100000|100%| O|  |TAMS 0x0000000086000000, 0x0000000086100000| Untracked 
|  97|0x0000000086100000, 0x0000000086200000, 0x0000000086200000|100%| O|  |TAMS 0x0000000086100000, 0x0000000086200000| Untracked 
|  98|0x0000000086200000, 0x0000000086300000, 0x0000000086300000|100%| O|  |TAMS 0x0000000086200000, 0x0000000086300000| Untracked 
|  99|0x0000000086300000, 0x0000000086400000, 0x0000000086400000|100%| O|  |TAMS 0x0000000086400000, 0x0000000086400000| Untracked 
| 100|0x0000000086400000, 0x0000000086500000, 0x0000000086500000|100%| O|  |TAMS 0x0000000086400000, 0x0000000086500000| Untracked 
| 101|0x0000000086500000, 0x0000000086600000, 0x0000000086600000|100%| O|  |TAMS 0x0000000086600000, 0x0000000086600000| Untracked 
| 102|0x0000000086600000, 0x0000000086700000, 0x0000000086700000|100%| O|  |TAMS 0x0000000086700000, 0x0000000086700000| Untracked 
| 103|0x0000000086700000, 0x0000000086800000, 0x0000000086800000|100%| O|  |TAMS 0x0000000086800000, 0x0000000086800000| Untracked 
| 104|0x0000000086800000, 0x0000000086900000, 0x0000000086900000|100%| O|  |TAMS 0x0000000086900000, 0x0000000086900000| Untracked 
| 105|0x0000000086900000, 0x0000000086a00000, 0x0000000086a00000|100%| O|  |TAMS 0x0000000086a00000, 0x0000000086a00000| Untracked 
| 106|0x0000000086a00000, 0x0000000086b00000, 0x0000000086b00000|100%| O|  |TAMS 0x0000000086b00000, 0x0000000086b00000| Untracked 
| 107|0x0000000086b00000, 0x0000000086c00000, 0x0000000086c00000|100%| O|  |TAMS 0x0000000086c00000, 0x0000000086c00000| Untracked 
| 108|0x0000000086c00000, 0x0000000086d00000, 0x0000000086d00000|100%| O|  |TAMS 0x0000000086d00000, 0x0000000086d00000| Untracked 
| 109|0x0000000086d00000, 0x0000000086e00000, 0x0000000086e00000|100%| O|  |TAMS 0x0000000086e00000, 0x0000000086e00000| Untracked 
| 110|0x0000000086e00000, 0x0000000086f00000, 0x0000000086f00000|100%| O|  |TAMS 0x0000000086f00000, 0x0000000086f00000| Untracked 
| 111|0x0000000086f00000, 0x0000000087000000, 0x0000000087000000|100%| O|  |TAMS 0x0000000087000000, 0x0000000087000000| Untracked 
| 112|0x0000000087000000, 0x0000000087100000, 0x0000000087100000|100%| O|  |TAMS 0x0000000087100000, 0x0000000087100000| Untracked 
| 113|0x0000000087100000, 0x0000000087200000, 0x0000000087200000|100%| O|  |TAMS 0x0000000087200000, 0x0000000087200000| Untracked 
| 114|0x0000000087200000, 0x0000000087300000, 0x0000000087300000|100%| O|  |TAMS 0x0000000087300000, 0x0000000087300000| Untracked 
| 115|0x0000000087300000, 0x0000000087400000, 0x0000000087400000|100%| O|  |TAMS 0x0000000087400000, 0x0000000087400000| Untracked 
| 116|0x0000000087400000, 0x0000000087500000, 0x0000000087500000|100%| O|  |TAMS 0x0000000087400000, 0x0000000087500000| Untracked 
| 117|0x0000000087500000, 0x0000000087600000, 0x0000000087600000|100%| O|  |TAMS 0x0000000087600000, 0x0000000087600000| Untracked 
| 118|0x0000000087600000, 0x0000000087700000, 0x0000000087700000|100%| O|  |TAMS 0x0000000087600000, 0x0000000087700000| Untracked 
| 119|0x0000000087700000, 0x0000000087800000, 0x0000000087800000|100%| O|  |TAMS 0x0000000087800000, 0x0000000087800000| Untracked 
| 120|0x0000000087800000, 0x0000000087900000, 0x0000000087900000|100%|HS|  |TAMS 0x0000000087800000, 0x0000000087900000| Complete 
| 121|0x0000000087900000, 0x0000000087a00000, 0x0000000087a00000|100%| O|  |TAMS 0x0000000087900000, 0x0000000087a00000| Untracked 
| 122|0x0000000087a00000, 0x0000000087b00000, 0x0000000087b00000|100%| O|  |TAMS 0x0000000087a00000, 0x0000000087b00000| Untracked 
| 123|0x0000000087b00000, 0x0000000087c00000, 0x0000000087c00000|100%| O|  |TAMS 0x0000000087b00000, 0x0000000087c00000| Untracked 
| 124|0x0000000087c00000, 0x0000000087d00000, 0x0000000087d00000|100%| O|  |TAMS 0x0000000087c00000, 0x0000000087d00000| Untracked 
| 125|0x0000000087d00000, 0x0000000087e00000, 0x0000000087e00000|100%|HS|  |TAMS 0x0000000087d00000, 0x0000000087e00000| Complete 
| 126|0x0000000087e00000, 0x0000000087f00000, 0x0000000087f00000|100%|HC|  |TAMS 0x0000000087e00000, 0x0000000087f00000| Complete 
| 127|0x0000000087f00000, 0x0000000088000000, 0x0000000088000000|100%|HS|  |TAMS 0x0000000087f00000, 0x0000000088000000| Complete 
| 128|0x0000000088000000, 0x0000000088100000, 0x0000000088100000|100%|HS|  |TAMS 0x0000000088000000, 0x0000000088100000| Complete 
| 129|0x0000000088100000, 0x0000000088200000, 0x0000000088200000|100%|HS|  |TAMS 0x0000000088100000, 0x0000000088200000| Complete 
| 130|0x0000000088200000, 0x0000000088300000, 0x0000000088300000|100%|HS|  |TAMS 0x0000000088200000, 0x0000000088300000| Complete 
| 131|0x0000000088300000, 0x0000000088400000, 0x0000000088400000|100%|HC|  |TAMS 0x0000000088300000, 0x0000000088400000| Complete 
| 132|0x0000000088400000, 0x0000000088500000, 0x0000000088500000|100%|HS|  |TAMS 0x0000000088400000, 0x0000000088500000| Complete 
| 133|0x0000000088500000, 0x0000000088600000, 0x0000000088600000|100%|HC|  |TAMS 0x0000000088500000, 0x0000000088600000| Complete 
| 134|0x0000000088600000, 0x0000000088700000, 0x0000000088700000|100%| O|  |TAMS 0x0000000088600000, 0x0000000088700000| Untracked 
| 135|0x0000000088700000, 0x0000000088800000, 0x0000000088800000|100%| O|  |TAMS 0x0000000088700000, 0x0000000088800000| Untracked 
| 136|0x0000000088800000, 0x0000000088900000, 0x0000000088900000|100%| O|  |TAMS 0x0000000088800000, 0x0000000088900000| Untracked 
| 137|0x0000000088900000, 0x0000000088a00000, 0x0000000088a00000|100%|HS|  |TAMS 0x0000000088900000, 0x0000000088a00000| Complete 
| 138|0x0000000088a00000, 0x0000000088b00000, 0x0000000088b00000|100%|HC|  |TAMS 0x0000000088a00000, 0x0000000088b00000| Complete 
| 139|0x0000000088b00000, 0x0000000088c00000, 0x0000000088c00000|100%| O|  |TAMS 0x0000000088b00000, 0x0000000088c00000| Untracked 
| 140|0x0000000088c00000, 0x0000000088d00000, 0x0000000088d00000|100%|HS|  |TAMS 0x0000000088c00000, 0x0000000088d00000| Complete 
| 141|0x0000000088d00000, 0x0000000088e00000, 0x0000000088e00000|100%| O|  |TAMS 0x0000000088d00000, 0x0000000088e00000| Untracked 
| 142|0x0000000088e00000, 0x0000000088f00000, 0x0000000088f00000|100%|HS|  |TAMS 0x0000000088e00000, 0x0000000088f00000| Complete 
| 143|0x0000000088f00000, 0x0000000089000000, 0x0000000089000000|100%| O|  |TAMS 0x0000000088f00000, 0x0000000089000000| Untracked 
| 144|0x0000000089000000, 0x0000000089100000, 0x0000000089100000|100%|HS|  |TAMS 0x0000000089000000, 0x0000000089100000| Complete 
| 145|0x0000000089100000, 0x0000000089200000, 0x0000000089200000|100%| O|  |TAMS 0x0000000089100000, 0x0000000089200000| Untracked 
| 146|0x0000000089200000, 0x0000000089300000, 0x0000000089300000|100%| O|  |TAMS 0x0000000089300000, 0x0000000089300000| Untracked 
| 147|0x0000000089300000, 0x0000000089400000, 0x0000000089400000|100%|HS|  |TAMS 0x0000000089300000, 0x0000000089400000| Complete 
| 148|0x0000000089400000, 0x0000000089500000, 0x0000000089500000|100%| O|  |TAMS 0x0000000089500000, 0x0000000089500000| Untracked 
| 149|0x0000000089500000, 0x0000000089600000, 0x0000000089600000|100%| O|  |TAMS 0x0000000089500000, 0x0000000089600000| Untracked 
| 150|0x0000000089600000, 0x0000000089700000, 0x0000000089700000|100%| O|  |TAMS 0x0000000089600000, 0x0000000089700000| Untracked 
| 151|0x0000000089700000, 0x0000000089800000, 0x0000000089800000|100%| O|  |TAMS 0x0000000089700000, 0x0000000089800000| Untracked 
| 152|0x0000000089800000, 0x0000000089900000, 0x0000000089900000|100%|HS|  |TAMS 0x0000000089800000, 0x0000000089900000| Complete 
| 153|0x0000000089900000, 0x0000000089a00000, 0x0000000089a00000|100%|HC|  |TAMS 0x0000000089900000, 0x0000000089a00000| Complete 
| 154|0x0000000089a00000, 0x0000000089b00000, 0x0000000089b00000|100%| O|  |TAMS 0x0000000089a00000, 0x0000000089b00000| Untracked 
| 155|0x0000000089b00000, 0x0000000089c00000, 0x0000000089c00000|100%| O|  |TAMS 0x0000000089c00000, 0x0000000089c00000| Untracked 
| 156|0x0000000089c00000, 0x0000000089d00000, 0x0000000089d00000|100%| O|  |TAMS 0x0000000089d00000, 0x0000000089d00000| Untracked 
| 157|0x0000000089d00000, 0x0000000089e00000, 0x0000000089e00000|100%| O|  |TAMS 0x0000000089e00000, 0x0000000089e00000| Untracked 
| 158|0x0000000089e00000, 0x0000000089f00000, 0x0000000089f00000|100%| O|  |TAMS 0x0000000089e00000, 0x0000000089f00000| Untracked 
| 159|0x0000000089f00000, 0x000000008a000000, 0x000000008a000000|100%| O|  |TAMS 0x0000000089f00000, 0x000000008a000000| Untracked 
| 160|0x000000008a000000, 0x000000008a100000, 0x000000008a100000|100%| O|  |TAMS 0x000000008a000000, 0x000000008a100000| Untracked 
| 161|0x000000008a100000, 0x000000008a200000, 0x000000008a200000|100%| O|  |TAMS 0x000000008a100000, 0x000000008a200000| Untracked 
| 162|0x000000008a200000, 0x000000008a300000, 0x000000008a300000|100%| O|  |TAMS 0x000000008a200000, 0x000000008a300000| Untracked 
| 163|0x000000008a300000, 0x000000008a400000, 0x000000008a400000|100%|HS|  |TAMS 0x000000008a300000, 0x000000008a400000| Complete 
| 164|0x000000008a400000, 0x000000008a500000, 0x000000008a500000|100%| O|  |TAMS 0x000000008a500000, 0x000000008a500000| Untracked 
| 165|0x000000008a500000, 0x000000008a600000, 0x000000008a600000|100%|HS|  |TAMS 0x000000008a500000, 0x000000008a600000| Complete 
| 166|0x000000008a600000, 0x000000008a700000, 0x000000008a700000|100%| O|  |TAMS 0x000000008a700000, 0x000000008a700000| Untracked 
| 167|0x000000008a700000, 0x000000008a800000, 0x000000008a800000|100%| O|  |TAMS 0x000000008a800000, 0x000000008a800000| Untracked 
| 168|0x000000008a800000, 0x000000008a900000, 0x000000008a900000|100%| O|  |TAMS 0x000000008a900000, 0x000000008a900000| Untracked 
| 169|0x000000008a900000, 0x000000008aa00000, 0x000000008aa00000|100%| O|  |TAMS 0x000000008aa00000, 0x000000008aa00000| Untracked 
| 170|0x000000008aa00000, 0x000000008ab00000, 0x000000008ab00000|100%| O|  |TAMS 0x000000008ab00000, 0x000000008ab00000| Untracked 
| 171|0x000000008ab00000, 0x000000008ac00000, 0x000000008ac00000|100%| O|  |TAMS 0x000000008ab00000, 0x000000008ac00000| Untracked 
| 172|0x000000008ac00000, 0x000000008ad00000, 0x000000008ad00000|100%| O|  |TAMS 0x000000008ad00000, 0x000000008ad00000| Untracked 
| 173|0x000000008ad00000, 0x000000008ae00000, 0x000000008ae00000|100%|HS|  |TAMS 0x000000008ad00000, 0x000000008ae00000| Complete 
| 174|0x000000008ae00000, 0x000000008af00000, 0x000000008af00000|100%|HC|  |TAMS 0x000000008ae00000, 0x000000008af00000| Complete 
| 175|0x000000008af00000, 0x000000008b000000, 0x000000008b000000|100%| O|  |TAMS 0x000000008af00000, 0x000000008b000000| Untracked 
| 176|0x000000008b000000, 0x000000008b100000, 0x000000008b100000|100%| O|  |TAMS 0x000000008b000000, 0x000000008b100000| Untracked 
| 177|0x000000008b100000, 0x000000008b200000, 0x000000008b200000|100%| O|  |TAMS 0x000000008b100000, 0x000000008b200000| Untracked 
| 178|0x000000008b200000, 0x000000008b300000, 0x000000008b300000|100%| O|  |TAMS 0x000000008b200000, 0x000000008b300000| Untracked 
| 179|0x000000008b300000, 0x000000008b400000, 0x000000008b400000|100%| O|  |TAMS 0x000000008b300000, 0x000000008b400000| Untracked 
| 180|0x000000008b400000, 0x000000008b500000, 0x000000008b500000|100%| O|  |TAMS 0x000000008b400000, 0x000000008b500000| Untracked 
| 181|0x000000008b500000, 0x000000008b600000, 0x000000008b600000|100%| O|  |TAMS 0x000000008b500000, 0x000000008b600000| Untracked 
| 182|0x000000008b600000, 0x000000008b700000, 0x000000008b700000|100%| O|  |TAMS 0x000000008b600000, 0x000000008b700000| Untracked 
| 183|0x000000008b700000, 0x000000008b800000, 0x000000008b800000|100%| O|  |TAMS 0x000000008b700000, 0x000000008b800000| Untracked 
| 184|0x000000008b800000, 0x000000008b900000, 0x000000008b900000|100%| O|  |TAMS 0x000000008b800000, 0x000000008b900000| Untracked 
| 185|0x000000008b900000, 0x000000008ba00000, 0x000000008ba00000|100%| O|  |TAMS 0x000000008b900000, 0x000000008ba00000| Untracked 
| 186|0x000000008ba00000, 0x000000008bb00000, 0x000000008bb00000|100%| O|  |TAMS 0x000000008ba00000, 0x000000008bb00000| Untracked 
| 187|0x000000008bb00000, 0x000000008bc00000, 0x000000008bc00000|100%| O|  |TAMS 0x000000008bc00000, 0x000000008bc00000| Untracked 
| 188|0x000000008bc00000, 0x000000008bd00000, 0x000000008bd00000|100%| O|  |TAMS 0x000000008bd00000, 0x000000008bd00000| Untracked 
| 189|0x000000008bd00000, 0x000000008be00000, 0x000000008be00000|100%| O|  |TAMS 0x000000008be00000, 0x000000008be00000| Untracked 
| 190|0x000000008be00000, 0x000000008bf00000, 0x000000008bf00000|100%| O|  |TAMS 0x000000008be00000, 0x000000008bf00000| Untracked 
| 191|0x000000008bf00000, 0x000000008c000000, 0x000000008c000000|100%| O|  |TAMS 0x000000008bf00000, 0x000000008c000000| Untracked 
| 192|0x000000008c000000, 0x000000008c100000, 0x000000008c100000|100%| O|  |TAMS 0x000000008c000000, 0x000000008c100000| Untracked 
| 193|0x000000008c100000, 0x000000008c200000, 0x000000008c200000|100%| O|  |TAMS 0x000000008c100000, 0x000000008c200000| Untracked 
| 194|0x000000008c200000, 0x000000008c300000, 0x000000008c300000|100%| O|  |TAMS 0x000000008c200000, 0x000000008c300000| Untracked 
| 195|0x000000008c300000, 0x000000008c400000, 0x000000008c400000|100%| O|  |TAMS 0x000000008c400000, 0x000000008c400000| Untracked 
| 196|0x000000008c400000, 0x000000008c500000, 0x000000008c500000|100%| O|  |TAMS 0x000000008c500000, 0x000000008c500000| Untracked 
| 197|0x000000008c500000, 0x000000008c600000, 0x000000008c600000|100%| O|  |TAMS 0x000000008c600000, 0x000000008c600000| Untracked 
| 198|0x000000008c600000, 0x000000008c700000, 0x000000008c700000|100%| O|  |TAMS 0x000000008c600000, 0x000000008c700000| Untracked 
| 199|0x000000008c700000, 0x000000008c800000, 0x000000008c800000|100%| O|  |TAMS 0x000000008c700000, 0x000000008c800000| Untracked 
| 200|0x000000008c800000, 0x000000008c900000, 0x000000008c900000|100%| O|  |TAMS 0x000000008c900000, 0x000000008c900000| Untracked 
| 201|0x000000008c900000, 0x000000008ca00000, 0x000000008ca00000|100%| O|  |TAMS 0x000000008c900000, 0x000000008ca00000| Untracked 
| 202|0x000000008ca00000, 0x000000008cb00000, 0x000000008cb00000|100%| O|  |TAMS 0x000000008ca00000, 0x000000008cb00000| Untracked 
| 203|0x000000008cb00000, 0x000000008cc00000, 0x000000008cc00000|100%| O|  |TAMS 0x000000008cb00000, 0x000000008cc00000| Untracked 
| 204|0x000000008cc00000, 0x000000008cd00000, 0x000000008cd00000|100%| O|  |TAMS 0x000000008cc00000, 0x000000008cd00000| Untracked 
| 205|0x000000008cd00000, 0x000000008ce00000, 0x000000008ce00000|100%| O|  |TAMS 0x000000008cd00000, 0x000000008ce00000| Untracked 
| 206|0x000000008ce00000, 0x000000008cf00000, 0x000000008cf00000|100%| O|  |TAMS 0x000000008ce00000, 0x000000008cf00000| Untracked 
| 207|0x000000008cf00000, 0x000000008d000000, 0x000000008d000000|100%| O|  |TAMS 0x000000008cf00000, 0x000000008d000000| Untracked 
| 208|0x000000008d000000, 0x000000008d100000, 0x000000008d100000|100%| O|  |TAMS 0x000000008d000000, 0x000000008d100000| Untracked 
| 209|0x000000008d100000, 0x000000008d200000, 0x000000008d200000|100%| O|  |TAMS 0x000000008d100000, 0x000000008d200000| Untracked 
| 210|0x000000008d200000, 0x000000008d300000, 0x000000008d300000|100%| O|  |TAMS 0x000000008d200000, 0x000000008d300000| Untracked 
| 211|0x000000008d300000, 0x000000008d400000, 0x000000008d400000|100%| O|  |TAMS 0x000000008d300000, 0x000000008d400000| Untracked 
| 212|0x000000008d400000, 0x000000008d500000, 0x000000008d500000|100%| O|  |TAMS 0x000000008d400000, 0x000000008d500000| Untracked 
| 213|0x000000008d500000, 0x000000008d600000, 0x000000008d600000|100%| O|  |TAMS 0x000000008d600000, 0x000000008d600000| Untracked 
| 214|0x000000008d600000, 0x000000008d700000, 0x000000008d700000|100%| O|  |TAMS 0x000000008d700000, 0x000000008d700000| Untracked 
| 215|0x000000008d700000, 0x000000008d800000, 0x000000008d800000|100%| O|  |TAMS 0x000000008d800000, 0x000000008d800000| Untracked 
| 216|0x000000008d800000, 0x000000008d900000, 0x000000008d900000|100%| O|  |TAMS 0x000000008d900000, 0x000000008d900000| Untracked 
| 217|0x000000008d900000, 0x000000008da00000, 0x000000008da00000|100%| O|  |TAMS 0x000000008da00000, 0x000000008da00000| Untracked 
| 218|0x000000008da00000, 0x000000008db00000, 0x000000008db00000|100%| O|  |TAMS 0x000000008db00000, 0x000000008db00000| Untracked 
| 219|0x000000008db00000, 0x000000008dc00000, 0x000000008dc00000|100%| O|  |TAMS 0x000000008dc00000, 0x000000008dc00000| Untracked 
| 220|0x000000008dc00000, 0x000000008dd00000, 0x000000008dd00000|100%| O|  |TAMS 0x000000008dd00000, 0x000000008dd00000| Untracked 
| 221|0x000000008dd00000, 0x000000008de00000, 0x000000008de00000|100%| O|  |TAMS 0x000000008de00000, 0x000000008de00000| Untracked 
| 222|0x000000008de00000, 0x000000008df00000, 0x000000008df00000|100%| O|  |TAMS 0x000000008dea3e00, 0x000000008df00000| Untracked 
| 223|0x000000008df00000, 0x000000008e000000, 0x000000008e000000|100%| O|  |TAMS 0x000000008df00000, 0x000000008e000000| Untracked 
| 224|0x000000008e000000, 0x000000008e100000, 0x000000008e100000|100%| O|  |TAMS 0x000000008e000000, 0x000000008e100000| Untracked 
| 225|0x000000008e100000, 0x000000008e200000, 0x000000008e200000|100%| O|  |TAMS 0x000000008e100000, 0x000000008e200000| Untracked 
| 226|0x000000008e200000, 0x000000008e300000, 0x000000008e300000|100%| O|  |TAMS 0x000000008e200000, 0x000000008e300000| Untracked 
| 227|0x000000008e300000, 0x000000008e400000, 0x000000008e400000|100%| O|  |TAMS 0x000000008e300000, 0x000000008e400000| Untracked 
| 228|0x000000008e400000, 0x000000008e500000, 0x000000008e500000|100%| O|  |TAMS 0x000000008e400000, 0x000000008e500000| Untracked 
| 229|0x000000008e500000, 0x000000008e600000, 0x000000008e600000|100%| O|  |TAMS 0x000000008e500000, 0x000000008e600000| Untracked 
| 230|0x000000008e600000, 0x000000008e700000, 0x000000008e700000|100%| O|  |TAMS 0x000000008e600000, 0x000000008e700000| Untracked 
| 231|0x000000008e700000, 0x000000008e800000, 0x000000008e800000|100%| O|  |TAMS 0x000000008e700000, 0x000000008e800000| Untracked 
| 232|0x000000008e800000, 0x000000008e900000, 0x000000008e900000|100%| O|  |TAMS 0x000000008e800000, 0x000000008e900000| Untracked 
| 233|0x000000008e900000, 0x000000008ea00000, 0x000000008ea00000|100%| O|  |TAMS 0x000000008e900000, 0x000000008ea00000| Untracked 
| 234|0x000000008ea00000, 0x000000008eb00000, 0x000000008eb00000|100%| O|  |TAMS 0x000000008ea00000, 0x000000008eb00000| Untracked 
| 235|0x000000008eb00000, 0x000000008ec00000, 0x000000008ec00000|100%| O|  |TAMS 0x000000008eb00000, 0x000000008ec00000| Untracked 
| 236|0x000000008ec00000, 0x000000008ed00000, 0x000000008ed00000|100%| O|  |TAMS 0x000000008ec00000, 0x000000008ed00000| Untracked 
| 237|0x000000008ed00000, 0x000000008ee00000, 0x000000008ee00000|100%| O|  |TAMS 0x000000008ed00000, 0x000000008ee00000| Untracked 
| 238|0x000000008ee00000, 0x000000008ef00000, 0x000000008ef00000|100%| O|  |TAMS 0x000000008ee00000, 0x000000008ef00000| Untracked 
| 239|0x000000008ef00000, 0x000000008f000000, 0x000000008f000000|100%| O|  |TAMS 0x000000008ef00000, 0x000000008f000000| Untracked 
| 240|0x000000008f000000, 0x000000008f100000, 0x000000008f100000|100%| O|  |TAMS 0x000000008f000000, 0x000000008f100000| Untracked 
| 241|0x000000008f100000, 0x000000008f200000, 0x000000008f200000|100%| O|  |TAMS 0x000000008f100000, 0x000000008f200000| Untracked 
| 242|0x000000008f200000, 0x000000008f300000, 0x000000008f300000|100%| O|  |TAMS 0x000000008f200000, 0x000000008f300000| Untracked 
| 243|0x000000008f300000, 0x000000008f400000, 0x000000008f400000|100%| O|  |TAMS 0x000000008f300000, 0x000000008f400000| Untracked 
| 244|0x000000008f400000, 0x000000008f500000, 0x000000008f500000|100%| O|  |TAMS 0x000000008f400000, 0x000000008f500000| Untracked 
| 245|0x000000008f500000, 0x000000008f600000, 0x000000008f600000|100%| O|  |TAMS 0x000000008f500000, 0x000000008f600000| Untracked 
| 246|0x000000008f600000, 0x000000008f700000, 0x000000008f700000|100%| O|  |TAMS 0x000000008f600000, 0x000000008f700000| Untracked 
| 247|0x000000008f700000, 0x000000008f800000, 0x000000008f800000|100%| O|  |TAMS 0x000000008f700000, 0x000000008f780000| Untracked 
| 248|0x000000008f800000, 0x000000008f900000, 0x000000008f900000|100%| O|  |TAMS 0x000000008f800000, 0x000000008f800000| Untracked 
| 249|0x000000008f900000, 0x000000008fa00000, 0x000000008fa00000|100%| O|  |TAMS 0x000000008f900000, 0x000000008f900000| Untracked 
| 250|0x000000008fa00000, 0x000000008fb00000, 0x000000008fb00000|100%| O|  |TAMS 0x000000008fa00000, 0x000000008fa00000| Untracked 
| 251|0x000000008fb00000, 0x000000008fc00000, 0x000000008fc00000|100%| O|  |TAMS 0x000000008fb00000, 0x000000008fb00000| Untracked 
| 252|0x000000008fc00000, 0x000000008fd00000, 0x000000008fd00000|100%| O|  |TAMS 0x000000008fc00000, 0x000000008fc00000| Untracked 
| 253|0x000000008fd00000, 0x000000008fe00000, 0x000000008fe00000|100%| O|  |TAMS 0x000000008fd00000, 0x000000008fd00000| Untracked 
| 254|0x000000008fe00000, 0x000000008ff00000, 0x000000008ff00000|100%| O|  |TAMS 0x000000008fe00000, 0x000000008fe00000| Untracked 
| 255|0x000000008ff00000, 0x0000000090000000, 0x0000000090000000|100%| O|  |TAMS 0x000000008ff00000, 0x000000008ff00000| Untracked 
| 256|0x0000000090000000, 0x0000000090100000, 0x0000000090100000|100%| O|  |TAMS 0x0000000090000000, 0x0000000090000000| Untracked 
| 257|0x0000000090100000, 0x0000000090200000, 0x0000000090200000|100%| O|  |TAMS 0x0000000090100000, 0x0000000090100000| Untracked 
| 258|0x0000000090200000, 0x0000000090280000, 0x0000000090300000| 50%| O|  |TAMS 0x0000000090200000, 0x0000000090200000| Untracked 
| 259|0x0000000090300000, 0x0000000090300000, 0x0000000090400000|  0%| F|  |TAMS 0x0000000090300000, 0x0000000090300000| Untracked 
| 260|0x0000000090400000, 0x0000000090400000, 0x0000000090500000|  0%| F|  |TAMS 0x0000000090400000, 0x0000000090400000| Untracked 
| 261|0x0000000090500000, 0x0000000090500000, 0x0000000090600000|  0%| F|  |TAMS 0x0000000090500000, 0x0000000090500000| Untracked 
| 262|0x0000000090600000, 0x0000000090600000, 0x0000000090700000|  0%| F|  |TAMS 0x0000000090600000, 0x0000000090600000| Untracked 
| 263|0x0000000090700000, 0x0000000090700000, 0x0000000090800000|  0%| F|  |TAMS 0x0000000090700000, 0x0000000090700000| Untracked 
| 264|0x0000000090800000, 0x0000000090800000, 0x0000000090900000|  0%| F|  |TAMS 0x0000000090800000, 0x0000000090800000| Untracked 
| 265|0x0000000090900000, 0x0000000090900000, 0x0000000090a00000|  0%| F|  |TAMS 0x0000000090900000, 0x0000000090900000| Untracked 
| 266|0x0000000090a00000, 0x0000000090a00000, 0x0000000090b00000|  0%| F|  |TAMS 0x0000000090a00000, 0x0000000090a00000| Untracked 
| 267|0x0000000090b00000, 0x0000000090b00000, 0x0000000090c00000|  0%| F|  |TAMS 0x0000000090b00000, 0x0000000090b00000| Untracked 
| 268|0x0000000090c00000, 0x0000000090c00000, 0x0000000090d00000|  0%| F|  |TAMS 0x0000000090c00000, 0x0000000090c00000| Untracked 
| 269|0x0000000090d00000, 0x0000000090d00000, 0x0000000090e00000|  0%| F|  |TAMS 0x0000000090d00000, 0x0000000090d00000| Untracked 
| 270|0x0000000090e00000, 0x0000000090e00000, 0x0000000090f00000|  0%| F|  |TAMS 0x0000000090e00000, 0x0000000090e00000| Untracked 
| 271|0x0000000090f00000, 0x0000000090f00000, 0x0000000091000000|  0%| F|  |TAMS 0x0000000090f00000, 0x0000000090f00000| Untracked 
| 272|0x0000000091000000, 0x0000000091000000, 0x0000000091100000|  0%| F|  |TAMS 0x0000000091000000, 0x0000000091000000| Untracked 
| 273|0x0000000091100000, 0x0000000091100000, 0x0000000091200000|  0%| F|  |TAMS 0x0000000091100000, 0x0000000091100000| Untracked 
| 274|0x0000000091200000, 0x0000000091200000, 0x0000000091300000|  0%| F|  |TAMS 0x0000000091200000, 0x0000000091200000| Untracked 
| 275|0x0000000091300000, 0x0000000091300000, 0x0000000091400000|  0%| F|  |TAMS 0x0000000091300000, 0x0000000091300000| Untracked 
| 276|0x0000000091400000, 0x0000000091400000, 0x0000000091500000|  0%| F|  |TAMS 0x0000000091400000, 0x0000000091400000| Untracked 
| 277|0x0000000091500000, 0x0000000091500000, 0x0000000091600000|  0%| F|  |TAMS 0x0000000091500000, 0x0000000091500000| Untracked 
| 278|0x0000000091600000, 0x0000000091600000, 0x0000000091700000|  0%| F|  |TAMS 0x0000000091600000, 0x0000000091600000| Untracked 
| 279|0x0000000091700000, 0x0000000091700000, 0x0000000091800000|  0%| F|  |TAMS 0x0000000091700000, 0x0000000091700000| Untracked 
| 280|0x0000000091800000, 0x0000000091800000, 0x0000000091900000|  0%| F|  |TAMS 0x0000000091800000, 0x0000000091800000| Untracked 
| 281|0x0000000091900000, 0x0000000091900000, 0x0000000091a00000|  0%| F|  |TAMS 0x0000000091900000, 0x0000000091900000| Untracked 
| 282|0x0000000091a00000, 0x0000000091a00000, 0x0000000091b00000|  0%| F|  |TAMS 0x0000000091a00000, 0x0000000091a00000| Untracked 
| 283|0x0000000091b00000, 0x0000000091b00000, 0x0000000091c00000|  0%| F|  |TAMS 0x0000000091b00000, 0x0000000091b00000| Untracked 
| 284|0x0000000091c00000, 0x0000000091c00000, 0x0000000091d00000|  0%| F|  |TAMS 0x0000000091c00000, 0x0000000091c00000| Untracked 
| 285|0x0000000091d00000, 0x0000000091d00000, 0x0000000091e00000|  0%| F|  |TAMS 0x0000000091d00000, 0x0000000091d00000| Untracked 
| 286|0x0000000091e00000, 0x0000000091e00000, 0x0000000091f00000|  0%| F|  |TAMS 0x0000000091e00000, 0x0000000091e00000| Untracked 
| 287|0x0000000091f00000, 0x0000000091f00000, 0x0000000092000000|  0%| F|  |TAMS 0x0000000091f00000, 0x0000000091f00000| Untracked 
| 288|0x0000000092000000, 0x0000000092000000, 0x0000000092100000|  0%| F|  |TAMS 0x0000000092000000, 0x0000000092000000| Untracked 
| 289|0x0000000092100000, 0x0000000092100000, 0x0000000092200000|  0%| F|  |TAMS 0x0000000092100000, 0x0000000092100000| Untracked 
| 290|0x0000000092200000, 0x0000000092200000, 0x0000000092300000|  0%| F|  |TAMS 0x0000000092200000, 0x0000000092200000| Untracked 
| 291|0x0000000092300000, 0x0000000092300000, 0x0000000092400000|  0%| F|  |TAMS 0x0000000092300000, 0x0000000092300000| Untracked 
| 292|0x0000000092400000, 0x0000000092400000, 0x0000000092500000|  0%| F|  |TAMS 0x0000000092400000, 0x0000000092400000| Untracked 
| 293|0x0000000092500000, 0x0000000092500000, 0x0000000092600000|  0%| F|  |TAMS 0x0000000092500000, 0x0000000092500000| Untracked 
| 294|0x0000000092600000, 0x0000000092600000, 0x0000000092700000|  0%| F|  |TAMS 0x0000000092600000, 0x0000000092600000| Untracked 
| 295|0x0000000092700000, 0x0000000092700000, 0x0000000092800000|  0%| F|  |TAMS 0x0000000092700000, 0x0000000092700000| Untracked 
| 296|0x0000000092800000, 0x0000000092800000, 0x0000000092900000|  0%| F|  |TAMS 0x0000000092800000, 0x0000000092800000| Untracked 
| 297|0x0000000092900000, 0x0000000092900000, 0x0000000092a00000|  0%| F|  |TAMS 0x0000000092900000, 0x0000000092900000| Untracked 
| 298|0x0000000092a00000, 0x0000000092a00000, 0x0000000092b00000|  0%| F|  |TAMS 0x0000000092a00000, 0x0000000092a00000| Untracked 
| 299|0x0000000092b00000, 0x0000000092b00000, 0x0000000092c00000|  0%| F|  |TAMS 0x0000000092b00000, 0x0000000092b00000| Untracked 
| 300|0x0000000092c00000, 0x0000000092c00000, 0x0000000092d00000|  0%| F|  |TAMS 0x0000000092c00000, 0x0000000092c00000| Untracked 
| 301|0x0000000092d00000, 0x0000000092d00000, 0x0000000092e00000|  0%| F|  |TAMS 0x0000000092d00000, 0x0000000092d00000| Untracked 
| 302|0x0000000092e00000, 0x0000000092e00000, 0x0000000092f00000|  0%| F|  |TAMS 0x0000000092e00000, 0x0000000092e00000| Untracked 
| 303|0x0000000092f00000, 0x0000000092f00000, 0x0000000093000000|  0%| F|  |TAMS 0x0000000092f00000, 0x0000000092f00000| Untracked 
| 304|0x0000000093000000, 0x0000000093000000, 0x0000000093100000|  0%| F|  |TAMS 0x0000000093000000, 0x0000000093000000| Untracked 
| 305|0x0000000093100000, 0x0000000093100000, 0x0000000093200000|  0%| F|  |TAMS 0x0000000093100000, 0x0000000093100000| Untracked 
| 306|0x0000000093200000, 0x0000000093200000, 0x0000000093300000|  0%| F|  |TAMS 0x0000000093200000, 0x0000000093200000| Untracked 
| 307|0x0000000093300000, 0x0000000093300000, 0x0000000093400000|  0%| F|  |TAMS 0x0000000093300000, 0x0000000093300000| Untracked 
| 308|0x0000000093400000, 0x0000000093400000, 0x0000000093500000|  0%| F|  |TAMS 0x0000000093400000, 0x0000000093400000| Untracked 
| 309|0x0000000093500000, 0x0000000093500000, 0x0000000093600000|  0%| F|  |TAMS 0x0000000093500000, 0x0000000093500000| Untracked 
| 310|0x0000000093600000, 0x0000000093600000, 0x0000000093700000|  0%| F|  |TAMS 0x0000000093600000, 0x0000000093600000| Untracked 
| 311|0x0000000093700000, 0x0000000093700000, 0x0000000093800000|  0%| F|  |TAMS 0x0000000093700000, 0x0000000093700000| Untracked 
| 312|0x0000000093800000, 0x0000000093800000, 0x0000000093900000|  0%| F|  |TAMS 0x0000000093800000, 0x0000000093800000| Untracked 
| 313|0x0000000093900000, 0x0000000093a00000, 0x0000000093a00000|100%| S|CS|TAMS 0x0000000093900000, 0x0000000093900000| Complete 
| 314|0x0000000093a00000, 0x0000000093b00000, 0x0000000093b00000|100%| S|CS|TAMS 0x0000000093a00000, 0x0000000093a00000| Complete 
| 315|0x0000000093b00000, 0x0000000093c00000, 0x0000000093c00000|100%| S|CS|TAMS 0x0000000093b00000, 0x0000000093b00000| Complete 
| 316|0x0000000093c00000, 0x0000000093d00000, 0x0000000093d00000|100%| S|CS|TAMS 0x0000000093c00000, 0x0000000093c00000| Complete 
| 317|0x0000000093d00000, 0x0000000093d00000, 0x0000000093e00000|  0%| F|  |TAMS 0x0000000093d00000, 0x0000000093d00000| Untracked 
| 318|0x0000000093e00000, 0x0000000093e00000, 0x0000000093f00000|  0%| F|  |TAMS 0x0000000093e00000, 0x0000000093e00000| Untracked 
| 319|0x0000000093f00000, 0x0000000093f00000, 0x0000000094000000|  0%| F|  |TAMS 0x0000000093f00000, 0x0000000093f00000| Untracked 
| 320|0x0000000094000000, 0x0000000094000000, 0x0000000094100000|  0%| F|  |TAMS 0x0000000094000000, 0x0000000094000000| Untracked 
| 321|0x0000000094100000, 0x0000000094100000, 0x0000000094200000|  0%| F|  |TAMS 0x0000000094100000, 0x0000000094100000| Untracked 
| 322|0x0000000094200000, 0x0000000094200000, 0x0000000094300000|  0%| F|  |TAMS 0x0000000094200000, 0x0000000094200000| Untracked 
| 323|0x0000000094300000, 0x0000000094300000, 0x0000000094400000|  0%| F|  |TAMS 0x0000000094300000, 0x0000000094300000| Untracked 
| 324|0x0000000094400000, 0x0000000094400000, 0x0000000094500000|  0%| F|  |TAMS 0x0000000094400000, 0x0000000094400000| Untracked 
| 325|0x0000000094500000, 0x0000000094500000, 0x0000000094600000|  0%| F|  |TAMS 0x0000000094500000, 0x0000000094500000| Untracked 
| 326|0x0000000094600000, 0x0000000094600000, 0x0000000094700000|  0%| F|  |TAMS 0x0000000094600000, 0x0000000094600000| Untracked 
| 327|0x0000000094700000, 0x0000000094700000, 0x0000000094800000|  0%| F|  |TAMS 0x0000000094700000, 0x0000000094700000| Untracked 
| 328|0x0000000094800000, 0x0000000094800000, 0x0000000094900000|  0%| F|  |TAMS 0x0000000094800000, 0x0000000094800000| Untracked 
| 329|0x0000000094900000, 0x0000000094900000, 0x0000000094a00000|  0%| F|  |TAMS 0x0000000094900000, 0x0000000094900000| Untracked 
| 330|0x0000000094a00000, 0x0000000094a00000, 0x0000000094b00000|  0%| F|  |TAMS 0x0000000094a00000, 0x0000000094a00000| Untracked 
| 331|0x0000000094b00000, 0x0000000094b00000, 0x0000000094c00000|  0%| F|  |TAMS 0x0000000094b00000, 0x0000000094b00000| Untracked 
| 332|0x0000000094c00000, 0x0000000094c00000, 0x0000000094d00000|  0%| F|  |TAMS 0x0000000094c00000, 0x0000000094c00000| Untracked 
| 333|0x0000000094d00000, 0x0000000094d00000, 0x0000000094e00000|  0%| F|  |TAMS 0x0000000094d00000, 0x0000000094d00000| Untracked 
| 334|0x0000000094e00000, 0x0000000094e00000, 0x0000000094f00000|  0%| F|  |TAMS 0x0000000094e00000, 0x0000000094e00000| Untracked 
| 335|0x0000000094f00000, 0x0000000094f00000, 0x0000000095000000|  0%| F|  |TAMS 0x0000000094f00000, 0x0000000094f00000| Untracked 
| 336|0x0000000095000000, 0x0000000095000000, 0x0000000095100000|  0%| F|  |TAMS 0x0000000095000000, 0x0000000095000000| Untracked 
| 337|0x0000000095100000, 0x0000000095100000, 0x0000000095200000|  0%| F|  |TAMS 0x0000000095100000, 0x0000000095100000| Untracked 
| 338|0x0000000095200000, 0x0000000095200000, 0x0000000095300000|  0%| F|  |TAMS 0x0000000095200000, 0x0000000095200000| Untracked 
| 339|0x0000000095300000, 0x0000000095300000, 0x0000000095400000|  0%| F|  |TAMS 0x0000000095300000, 0x0000000095300000| Untracked 
| 340|0x0000000095400000, 0x0000000095500000, 0x0000000095500000|100%| O|  |TAMS 0x0000000095400000, 0x0000000095500000| Untracked 
| 341|0x0000000095500000, 0x0000000095600000, 0x0000000095600000|100%| O|  |TAMS 0x0000000095500000, 0x0000000095600000| Untracked 

Card table byte_map: [0x000001aa6fee0000,0x000001aa702e0000] _byte_map_base: 0x000001aa6fae0000

Marking Bits (Prev, Next): (CMBitMap*) 0x000001aa5d00f018, (CMBitMap*) 0x000001aa5d00f050
 Prev Bits: [0x000001aa706e0000, 0x000001aa726e0000)
 Next Bits: [0x000001aa726e0000, 0x000001aa746e0000)

Polling page: 0x000001aa5adc0000

Metaspace:

Usage:
  Non-class:    128.40 MB capacity,   125.68 MB ( 98%) used,     2.24 MB (  2%) free+waste,   484.44 KB ( <1%) overhead. 
      Class:     19.17 MB capacity,    17.73 MB ( 92%) used,     1.24 MB (  6%) free+waste,   209.31 KB (  1%) overhead. 
       Both:    147.57 MB capacity,   143.40 MB ( 97%) used,     3.49 MB (  2%) free+waste,   693.75 KB ( <1%) overhead. 

Virtual space:
  Non-class space:      130.00 MB reserved,     128.50 MB ( 99%) committed 
      Class space:        1.00 GB reserved,      19.20 MB (  2%) committed 
             Both:        1.13 GB reserved,     147.70 MB ( 13%) committed 

Chunk freelists:
   Non-Class:  41.00 KB
       Class:  0 bytes
        Both:  41.00 KB

MaxMetaspaceSize: 17179869184.00 GB
CompressedClassSpaceSize: 1.00 GB
Initial GC threshold: 20.80 MB
Current GC threshold: 239.29 MB
CDS: off

CodeHeap 'non-profiled nmethods': size=120064Kb used=13986Kb max_used=14077Kb free=106077Kb
 bounds [0x000001aa685a0000, 0x000001aa69380000, 0x000001aa6fae0000]
CodeHeap 'profiled nmethods': size=120000Kb used=55124Kb max_used=55124Kb free=64875Kb
 bounds [0x000001aa61070000, 0x000001aa64650000, 0x000001aa685a0000]
CodeHeap 'non-nmethods': size=5696Kb used=2500Kb max_used=2563Kb free=3196Kb
 bounds [0x000001aa60ae0000, 0x000001aa60d80000, 0x000001aa61070000]
 total_blobs=25418 nmethods=24380 adapters=947
 compilation: enabled
              stopped_count=0, restarted_count=0
 full_count=0

Compilation events (20 events):
Event: 2529.001 Thread 0x000001aa7746b000 27688 %     3       com.android.tools.r8.dex.j::f @ 34 (109 bytes)
Event: 2529.003 Thread 0x000001aa7746b000 nmethod 27688% 0x000001aa6463fb10 code [0x000001aa6463fda0, 0x000001aa64640998]
Event: 2529.018 Thread 0x000001aa7746b000 27689       2       org.gradle.internal.execution.steps.CaptureStateBeforeExecutionStep$ImplementationsBuilder::<init> (17 bytes)
Event: 2529.018 Thread 0x000001aa7746b000 nmethod 27689 0x000001aa64640f90 code [0x000001aa64641140, 0x000001aa64641458]
Event: 2529.018 Thread 0x000001aa7746b000 27690       2       org.gradle.internal.execution.steps.CaptureStateBeforeExecutionStep$ImplementationsBuilder::getImplementation (22 bytes)
Event: 2529.019 Thread 0x000001aa7746b000 nmethod 27690 0x000001aa64641590 code [0x000001aa64641740, 0x000001aa646418e8]
Event: 2529.019 Thread 0x000001aa7746b000 27691       2       org.gradle.internal.execution.steps.CaptureStateBeforeExecutionStep::captureExecutionStateWithOutputs (318 bytes)
Event: 2529.026 Thread 0x000001aa7746b000 nmethod 27691 0x000001aa64641990 code [0x000001aa64641ee0, 0x000001aa64644048]
Event: 2529.026 Thread 0x000001aa7746b000 27692       2       org.gradle.internal.execution.steps.CaptureStateBeforeExecutionStep$ImplementationsBuilder::getAdditionalImplementations (8 bytes)
Event: 2529.027 Thread 0x000001aa7746b000 nmethod 27692 0x000001aa64645510 code [0x000001aa646456c0, 0x000001aa646457e8]
Event: 2529.027 Thread 0x000001aa7746b000 27693       2       org.gradle.internal.execution.steps.CaptureStateBeforeExecutionStep$$Lambda$1046/0x0000000100d87840::get$Lambda (9 bytes)
Event: 2529.027 Thread 0x000001aa7746b000 nmethod 27693 0x000001aa64645910 code [0x000001aa64645ac0, 0x000001aa64645c38]
Event: 2529.027 Thread 0x000001aa7746b000 27694       2       org.gradle.internal.execution.steps.CaptureStateBeforeExecutionStep$$Lambda$1046/0x0000000100d87840::<init> (10 bytes)
Event: 2529.027 Thread 0x000001aa7746b000 nmethod 27694 0x000001aa64645d10 code [0x000001aa64645ec0, 0x000001aa64645ff8]
Event: 2529.058 Thread 0x000001aa7746b000 27695       2       org.gradle.internal.execution.steps.ResolveCachingStateStep::logDisabledReasons (104 bytes)
Event: 2529.061 Thread 0x000001aa7746b000 nmethod 27695 0x000001aa64646090 code [0x000001aa64646340, 0x000001aa64646bd8]
Event: 2529.087 Thread 0x000001aa7746b000 27696       2       org.gradle.internal.execution.history.changes.ClasspathCompareStrategy$ChangeState::hasMoreToProcess (20 bytes)
Event: 2529.088 Thread 0x000001aa7746b000 nmethod 27696 0x000001aa64647190 code [0x000001aa64647340, 0x000001aa64647478]
Event: 2529.174 Thread 0x000001aa7746b000 27698       3       com.android.tools.r8.dex.j::f (109 bytes)
Event: 2529.175 Thread 0x000001aa7746b000 nmethod 27698 0x000001aa64647510 code [0x000001aa64647780, 0x000001aa64648298]

GC Heap History (20 events):
Event: 2520.437 GC heap after
{Heap after GC invocations=65 (full 0):
 garbage-first heap   total 284672K, used 157012K [0x0000000080000000, 0x0000000100000000)
  region size 1024K, 2 young (2048K), 2 survivors (2048K)
 Metaspace       used 144647K, capacity 148904K, committed 149068K, reserved 1179648K
  class space    used 17936K, capacity 19424K, committed 19532K, reserved 1048576K
}
Event: 2521.545 GC heap before
{Heap before GC invocations=65 (full 0):
 garbage-first heap   total 284672K, used 229716K [0x0000000080000000, 0x0000000100000000)
  region size 1024K, 73 young (74752K), 2 survivors (2048K)
 Metaspace       used 144694K, capacity 148907K, committed 149068K, reserved 1179648K
  class space    used 17947K, capacity 19425K, committed 19532K, reserved 1048576K
}
Event: 2521.559 GC heap after
{Heap after GC invocations=66 (full 0):
 garbage-first heap   total 284672K, used 157610K [0x0000000080000000, 0x0000000100000000)
  region size 1024K, 3 young (3072K), 3 survivors (3072K)
 Metaspace       used 144694K, capacity 148907K, committed 149068K, reserved 1179648K
  class space    used 17947K, capacity 19425K, committed 19532K, reserved 1048576K
}
Event: 2522.550 GC heap before
{Heap before GC invocations=66 (full 0):
 garbage-first heap   total 284672K, used 231337K [0x0000000080000000, 0x0000000100000000)
  region size 1024K, 75 young (76800K), 3 survivors (3072K)
 Metaspace       used 145000K, capacity 149260K, committed 149580K, reserved 1179648K
  class space    used 17952K, capacity 19434K, committed 19532K, reserved 1048576K
}
Event: 2522.569 GC heap after
{Heap after GC invocations=67 (full 0):
 garbage-first heap   total 284672K, used 161030K [0x0000000080000000, 0x0000000100000000)
  region size 1024K, 6 young (6144K), 6 survivors (6144K)
 Metaspace       used 145000K, capacity 149260K, committed 149580K, reserved 1179648K
  class space    used 17952K, capacity 19434K, committed 19532K, reserved 1048576K
}
Event: 2523.352 GC heap before
{Heap before GC invocations=67 (full 0):
 garbage-first heap   total 284672K, used 234758K [0x0000000080000000, 0x0000000100000000)
  region size 1024K, 78 young (79872K), 6 survivors (6144K)
 Metaspace       used 145111K, capacity 149328K, committed 149580K, reserved 1179648K
  class space    used 17964K, capacity 19435K, committed 19532K, reserved 1048576K
}
Event: 2523.369 GC heap after
{Heap after GC invocations=68 (full 0):
 garbage-first heap   total 284672K, used 161623K [0x0000000080000000, 0x0000000100000000)
  region size 1024K, 6 young (6144K), 6 survivors (6144K)
 Metaspace       used 145111K, capacity 149328K, committed 149580K, reserved 1179648K
  class space    used 17964K, capacity 19435K, committed 19532K, reserved 1048576K
}
Event: 2524.200 GC heap before
{Heap before GC invocations=68 (full 0):
 garbage-first heap   total 284672K, used 236375K [0x0000000080000000, 0x0000000100000000)
  region size 1024K, 79 young (80896K), 6 survivors (6144K)
 Metaspace       used 145173K, capacity 149445K, committed 149580K, reserved 1179648K
  class space    used 17974K, capacity 19474K, committed 19532K, reserved 1048576K
}
Event: 2524.218 GC heap after
{Heap after GC invocations=69 (full 0):
 garbage-first heap   total 348160K, used 160661K [0x0000000080000000, 0x0000000100000000)
  region size 1024K, 5 young (5120K), 5 survivors (5120K)
 Metaspace       used 145173K, capacity 149445K, committed 149580K, reserved 1179648K
  class space    used 17974K, capacity 19474K, committed 19532K, reserved 1048576K
}
Event: 2526.215 GC heap before
{Heap before GC invocations=69 (full 0):
 garbage-first heap   total 348160K, used 277397K [0x0000000080000000, 0x0000000100000000)
  region size 1024K, 110 young (112640K), 5 survivors (5120K)
 Metaspace       used 145561K, capacity 149850K, committed 150092K, reserved 1179648K
  class space    used 18013K, capacity 19490K, committed 19532K, reserved 1048576K
}
Event: 2526.225 GC heap after
{Heap after GC invocations=70 (full 0):
 garbage-first heap   total 348160K, used 174711K [0x0000000080000000, 0x0000000100000000)
  region size 1024K, 9 young (9216K), 9 survivors (9216K)
 Metaspace       used 145561K, capacity 149850K, committed 150092K, reserved 1179648K
  class space    used 18013K, capacity 19490K, committed 19532K, reserved 1048576K
}
Event: 2528.005 GC heap before
{Heap before GC invocations=70 (full 0):
 garbage-first heap   total 348160K, used 302711K [0x0000000080000000, 0x0000000100000000)
  region size 1024K, 107 young (109568K), 9 survivors (9216K)
 Metaspace       used 146791K, capacity 151107K, committed 151244K, reserved 1181696K
  class space    used 18150K, capacity 19633K, committed 19660K, reserved 1048576K
}
Event: 2528.174 GC heap after
{Heap after GC invocations=71 (full 0):
 garbage-first heap   total 350208K, used 224206K [0x0000000080000000, 0x0000000100000000)
  region size 1024K, 14 young (14336K), 14 survivors (14336K)
 Metaspace       used 146791K, capacity 151107K, committed 151244K, reserved 1181696K
  class space    used 18150K, capacity 19633K, committed 19660K, reserved 1048576K
}
Event: 2528.239 GC heap before
{Heap before GC invocations=71 (full 0):
 garbage-first heap   total 350208K, used 228302K [0x0000000080000000, 0x0000000100000000)
  region size 1024K, 19 young (19456K), 14 survivors (14336K)
 Metaspace       used 146801K, capacity 151110K, committed 151244K, reserved 1181696K
  class space    used 18150K, capacity 19633K, committed 19660K, reserved 1048576K
}
Event: 2528.355 GC heap after
{Heap after GC invocations=72 (full 0):
 garbage-first heap   total 350208K, used 227840K [0x0000000080000000, 0x0000000100000000)
  region size 1024K, 3 young (3072K), 3 survivors (3072K)
 Metaspace       used 146801K, capacity 151110K, committed 151244K, reserved 1181696K
  class space    used 18150K, capacity 19633K, committed 19660K, reserved 1048576K
}
Event: 2528.702 GC heap before
{Heap before GC invocations=72 (full 0):
 garbage-first heap   total 350208K, used 264704K [0x0000000080000000, 0x0000000100000000)
  region size 1024K, 39 young (39936K), 3 survivors (3072K)
 Metaspace       used 146822K, capacity 151112K, committed 151244K, reserved 1181696K
  class space    used 18150K, capacity 19633K, committed 19660K, reserved 1048576K
}
Event: 2528.744 GC heap after
{Heap after GC invocations=73 (full 0):
 garbage-first heap   total 350208K, used 246272K [0x0000000080000000, 0x0000000100000000)
  region size 1024K, 5 young (5120K), 5 survivors (5120K)
 Metaspace       used 146822K, capacity 151112K, committed 151244K, reserved 1181696K
  class space    used 18150K, capacity 19633K, committed 19660K, reserved 1048576K
}
Event: 2528.897 GC heap before
{Heap before GC invocations=73 (full 0):
 garbage-first heap   total 350208K, used 275968K [0x0000000080000000, 0x0000000100000000)
  region size 1024K, 34 young (34816K), 5 survivors (5120K)
 Metaspace       used 146845K, capacity 151112K, committed 151244K, reserved 1181696K
  class space    used 18150K, capacity 19633K, committed 19660K, reserved 1048576K
}
Event: 2528.946 GC heap after
{Heap after GC invocations=74 (full 0):
 garbage-first heap   total 350208K, used 260608K [0x0000000080000000, 0x0000000100000000)
  region size 1024K, 5 young (5120K), 5 survivors (5120K)
 Metaspace       used 146845K, capacity 151112K, committed 151244K, reserved 1181696K
  class space    used 18150K, capacity 19633K, committed 19660K, reserved 1048576K
}
Event: 2529.207 GC heap before
{Heap before GC invocations=74 (full 0):
 garbage-first heap   total 350208K, used 283136K [0x0000000080000000, 0x0000000100000000)
  region size 1024K, 28 young (28672K), 5 survivors (5120K)
 Metaspace       used 146846K, capacity 151112K, committed 151244K, reserved 1181696K
  class space    used 18150K, capacity 19633K, committed 19660K, reserved 1048576K
}

Deoptimization events (20 events):
Event: 2527.784 Thread 0x000001aa02104000 DEOPT PACKING pc=0x000001aa645a6f5a sp=0x0000008fd2ffe700
Event: 2527.784 Thread 0x000001aa02104000 DEOPT UNPACKING pc=0x000001aa60b2a95e sp=0x0000008fd2ffe340 mode 0
Event: 2527.800 Thread 0x000001aa02104000 DEOPT PACKING pc=0x000001aa629b167e sp=0x0000008fd2ffebc0
Event: 2527.800 Thread 0x000001aa02104000 DEOPT UNPACKING pc=0x000001aa60b2a95e sp=0x0000008fd2ffe230 mode 0
Event: 2527.803 Thread 0x000001aa02103800 DEOPT PACKING pc=0x000001aa645a6f5a sp=0x0000008fd2cfe300
Event: 2527.803 Thread 0x000001aa02103800 DEOPT UNPACKING pc=0x000001aa60b2a95e sp=0x0000008fd2cfdf40 mode 0
Event: 2527.807 Thread 0x000001aa02103800 DEOPT PACKING pc=0x000001aa61ebc325 sp=0x0000008fd2cfeb20
Event: 2527.807 Thread 0x000001aa02103800 DEOPT UNPACKING pc=0x000001aa60b2a95e sp=0x0000008fd2cfe148 mode 0
Event: 2527.813 Thread 0x000001aa02103800 DEOPT PACKING pc=0x000001aa61ebc325 sp=0x0000008fd2cfeb20
Event: 2527.813 Thread 0x000001aa02103800 DEOPT UNPACKING pc=0x000001aa60b2a95e sp=0x0000008fd2cfe148 mode 0
Event: 2527.817 Thread 0x000001aa02101800 DEOPT PACKING pc=0x000001aa645a6f5a sp=0x0000008fd2efe0b0
Event: 2527.817 Thread 0x000001aa02101800 DEOPT UNPACKING pc=0x000001aa60b2a95e sp=0x0000008fd2efdcf0 mode 0
Event: 2527.819 Thread 0x000001aa02101800 DEOPT PACKING pc=0x000001aa61ebc325 sp=0x0000008fd2efe8b0
Event: 2527.819 Thread 0x000001aa02101800 DEOPT UNPACKING pc=0x000001aa60b2a95e sp=0x0000008fd2efded8 mode 0
Event: 2527.847 Thread 0x000001aa02101800 DEOPT PACKING pc=0x000001aa61ebc325 sp=0x0000008fd2efe890
Event: 2527.847 Thread 0x000001aa02101800 DEOPT UNPACKING pc=0x000001aa60b2a95e sp=0x0000008fd2efdeb8 mode 0
Event: 2528.502 Thread 0x000001aa02101800 DEOPT PACKING pc=0x000001aa61689c9a sp=0x0000008fd2efdfa0
Event: 2528.575 Thread 0x000001aa02101800 DEOPT UNPACKING pc=0x000001aa60b2a95e sp=0x0000008fd2efd468 mode 0
Event: 2528.685 Thread 0x000001aa02103800 DEOPT PACKING pc=0x000001aa6291091a sp=0x0000008fd2cfe400
Event: 2528.685 Thread 0x000001aa02103800 DEOPT UNPACKING pc=0x000001aa60b2a95e sp=0x0000008fd2cfd898 mode 0

Classes redefined (0 events):
No events

Internal exceptions (20 events):
Event: 2518.335 Thread 0x000001aa79c0c000 Exception <a 'java/lang/NoSuchMethodError'{0x000000008e2c86c8}: 'java.lang.Object java.lang.invoke.Invokers$Holder.linkToTargetMethod(java.lang.Object, java.lang.Object, java.lang.Object, int, java.lang.Object, java.lang.Object, java.lang.Object)'> (0x000000008e2c86c8) thrown at [./src/hotspot/share/interpreter/linkResolver.cpp, line 773]
Event: 2518.340 Thread 0x000001aa79c0c000 Exception <a 'java/lang/NoSuchMethodError'{0x000000008e2dd980}: 'void java.lang.invoke.DirectMethodHandle$Holder.invokeStatic(java.lang.Object, java.lang.Object, java.lang.Object, java.lang.Object, java.lang.Object, java.lang.Object, java.lang.Object, java.lang.Object)'> (0x000000008e2dd980) thrown at [./src/hotspot/share/interpreter/linkResolver.cpp, line 773]
Event: 2518.562 Thread 0x000001aa79c0c000 Exception <a 'java/lang/IncompatibleClassChangeError'{0x00000000915532a8}: Found class java.lang.Object, but interface was expected> (0x00000000915532a8) thrown at [./src/hotspot/share/interpreter/linkResolver.cpp, line 839]
Event: 2518.764 Thread 0x000001aa79c0c000 Exception <a 'java/lang/NoSuchMethodError'{0x00000000906ec070}: 'void java.lang.invoke.DirectMethodHandle$Holder.invokeSpecial(java.lang.Object, java.lang.Object, int)'> (0x00000000906ec070) thrown at [./src/hotspot/share/interpreter/linkResolver.cpp, line 773]
Event: 2518.846 Thread 0x000001aa79c0c000 Exception <a 'sun/nio/fs/WindowsException'{0x00000000902f2ea0}> (0x00000000902f2ea0) thrown at [./src/hotspot/share/prims/jni.cpp, line 615]
Event: 2522.015 Thread 0x000001aa77469800 Exception <a 'sun/nio/fs/WindowsException'{0x000000009051af98}> (0x000000009051af98) thrown at [./src/hotspot/share/prims/jni.cpp, line 615]
Event: 2522.055 Thread 0x000001aa799ab800 Exception <a 'sun/nio/fs/WindowsException'{0x000000009030f8c8}> (0x000000009030f8c8) thrown at [./src/hotspot/share/prims/jni.cpp, line 615]
Event: 2522.137 Thread 0x000001aa79e11800 Exception <a 'sun/nio/fs/WindowsException'{0x000000008f947b20}> (0x000000008f947b20) thrown at [./src/hotspot/share/prims/jni.cpp, line 615]
Event: 2522.254 Thread 0x000001aa799ab800 Exception <a 'sun/nio/fs/WindowsException'{0x000000008eb9f260}> (0x000000008eb9f260) thrown at [./src/hotspot/share/prims/jni.cpp, line 615]
Event: 2525.693 Thread 0x000001aa79e11800 Exception <a 'sun/nio/fs/WindowsException'{0x0000000090e9b690}> (0x0000000090e9b690) thrown at [./src/hotspot/share/prims/jni.cpp, line 615]
Event: 2525.885 Thread 0x000001aa7cef5000 Exception <a 'java/lang/NoSuchMethodError'{0x00000000904e3cd8}: <clinit>> (0x00000000904e3cd8) thrown at [./src/hotspot/share/prims/jni.cpp, line 1365]
Event: 2525.885 Thread 0x000001aa7cef5000 Exception <a 'java/lang/NoSuchMethodError'{0x00000000904e52e0}: <clinit>> (0x00000000904e52e0) thrown at [./src/hotspot/share/prims/jni.cpp, line 1365]
Event: 2525.885 Thread 0x000001aa7cef5000 Exception <a 'java/lang/NoSuchMethodError'{0x00000000904e8130}: <clinit>> (0x00000000904e8130) thrown at [./src/hotspot/share/prims/jni.cpp, line 1365]
Event: 2525.888 Thread 0x000001aa7cef5000 Exception <a 'java/lang/NoSuchMethodError'{0x0000000090303710}: <clinit>> (0x0000000090303710) thrown at [./src/hotspot/share/prims/jni.cpp, line 1365]
Event: 2525.888 Thread 0x000001aa7cef5000 Exception <a 'java/lang/NoSuchMethodError'{0x0000000090304948}: <clinit>> (0x0000000090304948) thrown at [./src/hotspot/share/prims/jni.cpp, line 1365]
Event: 2526.303 Thread 0x000001aa7cefc800 Exception <a 'sun/nio/fs/WindowsException'{0x0000000094f40dc0}> (0x0000000094f40dc0) thrown at [./src/hotspot/share/prims/jni.cpp, line 615]
Event: 2526.873 Thread 0x000001aa79c0d800 Exception <a 'java/lang/NoSuchMethodError'{0x0000000093ed6bf0}: 'void java.lang.invoke.DirectMethodHandle$Holder.invokeStatic(java.lang.Object, long)'> (0x0000000093ed6bf0) thrown at [./src/hotspot/share/interpreter/linkResolver.cpp, line 773]
Event: 2526.875 Thread 0x000001aa79c0d800 Exception <a 'java/lang/NoSuchMethodError'{0x000000009347ea18}: 'java.lang.Object java.lang.invoke.DirectMethodHandle$Holder.invokeStaticInit(java.lang.Object, java.lang.Object, long, java.lang.Object)'> (0x000000009347ea18) thrown at [./src/hotspot/share/interpreter/linkResolver.cpp, line 773]
Event: 2526.876 Thread 0x000001aa79c0d800 Exception <a 'java/lang/NoSuchMethodError'{0x0000000093485640}: 'java.lang.Object java.lang.invoke.DirectMethodHandle$Holder.invokeStatic(java.lang.Object, java.lang.Object, long)'> (0x0000000093485640) thrown at [./src/hotspot/share/interpreter/linkResolver.cpp, line 773]
Event: 2526.877 Thread 0x000001aa79c0d800 Exception <a 'java/lang/NoSuchMethodError'{0x000000009348c820}: 'java.lang.Object java.lang.invoke.Invokers$Holder.linkToTargetMethod(java.lang.Object, long, java.lang.Object)'> (0x000000009348c820) thrown at [./src/hotspot/share/interpreter/linkResolver.cpp, line 773]

Events (20 events):
Event: 2527.576 Executing VM operation: RevokeBias done
Event: 2527.576 loading class com/android/tools/r8/internal/t
Event: 2527.576 loading class com/android/tools/r8/internal/t done
Event: 2527.585 Executing VM operation: RevokeBias
Event: 2527.585 Executing VM operation: RevokeBias done
Event: 2527.585 loading class com/android/tools/r8/graph/W
Event: 2527.585 loading class com/android/tools/r8/graph/W done
Event: 2527.587 Executing VM operation: RevokeBias
Event: 2527.587 Executing VM operation: RevokeBias done
Event: 2527.588 loading class com/android/tools/r8/graph/W
Event: 2527.588 loading class com/android/tools/r8/graph/W done
Event: 2527.952 Executing VM operation: G1CollectForAllocation
Event: 2528.174 Executing VM operation: G1CollectForAllocation done
Event: 2528.238 Executing VM operation: G1CollectForAllocation
Event: 2528.355 Executing VM operation: G1CollectForAllocation done
Event: 2528.701 Executing VM operation: G1CollectForAllocation
Event: 2528.744 Executing VM operation: G1CollectForAllocation done
Event: 2528.895 Executing VM operation: G1CollectForAllocation
Event: 2528.946 Executing VM operation: G1CollectForAllocation done
Event: 2529.205 Executing VM operation: G1CollectForAllocation


Dynamic libraries:
0x00007ff757970000 - 0x00007ff75797a000 	C:\Program Files\Android\Android Studio\jre\bin\java.exe
0x00007ffa833b0000 - 0x00007ffa835a8000 	C:\WINDOWS\SYSTEM32\ntdll.dll
0x00007ffa81410000 - 0x00007ffa814cd000 	C:\WINDOWS\System32\KERNEL32.DLL
0x00007ffa80c20000 - 0x00007ffa80eee000 	C:\WINDOWS\System32\KERNELBASE.dll
0x00007ffa80b20000 - 0x00007ffa80c20000 	C:\WINDOWS\System32\ucrtbase.dll
0x00007ffa79b10000 - 0x00007ffa79b27000 	C:\Program Files\Android\Android Studio\jre\bin\VCRUNTIME140.dll
0x00007ffa79a90000 - 0x00007ffa79aa9000 	C:\Program Files\Android\Android Studio\jre\bin\jli.dll
0x00007ffa83120000 - 0x00007ffa832c0000 	C:\WINDOWS\System32\USER32.dll
0x00007ffa66730000 - 0x00007ffa669ca000 	C:\WINDOWS\WinSxS\amd64_microsoft.windows.common-controls_6595b64144ccf1df_6.0.19041.1110_none_60b5254171f9507e\COMCTL32.dll
0x00007ffa813e0000 - 0x00007ffa81402000 	C:\WINDOWS\System32\win32u.dll
0x00007ffa82b70000 - 0x00007ffa82c0e000 	C:\WINDOWS\System32\msvcrt.dll
0x00007ffa825a0000 - 0x00007ffa825ca000 	C:\WINDOWS\System32\GDI32.dll
0x00007ffa81210000 - 0x00007ffa8131b000 	C:\WINDOWS\System32\gdi32full.dll
0x00007ffa80fa0000 - 0x00007ffa8103d000 	C:\WINDOWS\System32\msvcp_win.dll
0x00007ffa82cf0000 - 0x00007ffa82d20000 	C:\WINDOWS\System32\IMM32.DLL
0x00007ffa55700000 - 0x00007ffa5579d000 	C:\Program Files\Android\Android Studio\jre\bin\msvcp140.dll
0x00007ffa37dd0000 - 0x00007ffa388b5000 	C:\Program Files\Android\Android Studio\jre\bin\server\jvm.dll
0x00007ffa82aa0000 - 0x00007ffa82b4e000 	C:\WINDOWS\System32\ADVAPI32.dll
0x00007ffa824f0000 - 0x00007ffa8258c000 	C:\WINDOWS\System32\sechost.dll
0x00007ffa82d80000 - 0x00007ffa82ea5000 	C:\WINDOWS\System32\RPCRT4.dll
0x00007ffa82400000 - 0x00007ffa82408000 	C:\WINDOWS\System32\PSAPI.DLL
0x00007ffa66d70000 - 0x00007ffa66d79000 	C:\WINDOWS\SYSTEM32\WSOCK32.dll
0x00007ffa68980000 - 0x00007ffa689a7000 	C:\WINDOWS\SYSTEM32\WINMM.dll
0x00007ffa765b0000 - 0x00007ffa765ba000 	C:\WINDOWS\SYSTEM32\VERSION.dll
0x00007ffa82f90000 - 0x00007ffa82ffb000 	C:\WINDOWS\System32\WS2_32.dll
0x00007ffa7f390000 - 0x00007ffa7f3a2000 	C:\WINDOWS\SYSTEM32\kernel.appcore.dll
0x00007ffa79af0000 - 0x00007ffa79b01000 	C:\Program Files\Android\Android Studio\jre\bin\verify.dll
0x00007ffa7f070000 - 0x00007ffa7f254000 	C:\WINDOWS\SYSTEM32\DBGHELP.DLL
0x00007ffa6cbb0000 - 0x00007ffa6cbdc000 	C:\WINDOWS\SYSTEM32\dbgcore.DLL
0x00007ffa81350000 - 0x00007ffa813d2000 	C:\WINDOWS\System32\bcryptPrimitives.dll
0x00007ffa79ac0000 - 0x00007ffa79ae9000 	C:\Program Files\Android\Android Studio\jre\bin\java.dll
0x00007ffa7b7b0000 - 0x00007ffa7b7bb000 	C:\Program Files\Android\Android Studio\jre\bin\jimage.dll
0x00007ffa78cc0000 - 0x00007ffa78cd8000 	C:\Program Files\Android\Android Studio\jre\bin\zip.dll
0x00007ffa81830000 - 0x00007ffa81f74000 	C:\WINDOWS\System32\SHELL32.dll
0x00007ffa7e8c0000 - 0x00007ffa7f054000 	C:\WINDOWS\SYSTEM32\windows.storage.dll
0x00007ffa814d0000 - 0x00007ffa81824000 	C:\WINDOWS\System32\combase.dll
0x00007ffa80460000 - 0x00007ffa80490000 	C:\WINDOWS\SYSTEM32\Wldp.dll
0x00007ffa82350000 - 0x00007ffa823fd000 	C:\WINDOWS\System32\SHCORE.dll
0x00007ffa82f30000 - 0x00007ffa82f85000 	C:\WINDOWS\System32\shlwapi.dll
0x00007ffa80a10000 - 0x00007ffa80a2f000 	C:\WINDOWS\SYSTEM32\profapi.dll
0x00007ffa78ca0000 - 0x00007ffa78cba000 	C:\Program Files\Android\Android Studio\jre\bin\net.dll
0x00007ffa707a0000 - 0x00007ffa708aa000 	C:\WINDOWS\SYSTEM32\WINHTTP.dll
0x00007ffa801c0000 - 0x00007ffa8022a000 	C:\WINDOWS\system32\mswsock.dll
0x00007ffa78c80000 - 0x00007ffa78c94000 	C:\Program Files\Android\Android Studio\jre\bin\nio.dll
0x00007ffa78e30000 - 0x00007ffa78e57000 	C:\Users\Vann\.gradle\native\e1d6ef7f7dcc3fd88c89a11ec53ec762bb8ba0a96d01ffa2cd45eb1d1d8dd5c5\windows-amd64\native-platform.dll
0x00007ffa40de0000 - 0x00007ffa40f24000 	C:\Users\Vann\.gradle\native\5664cfc778a61ccfe75a443a1ab52a65af34e5dc3c78e0209fed803814484fcb\windows-amd64\native-platform-file-events.dll
0x00007ffa79ab0000 - 0x00007ffa79aba000 	C:\Program Files\Android\Android Studio\jre\bin\management.dll
0x00007ffa78c70000 - 0x00007ffa78c7d000 	C:\Program Files\Android\Android Studio\jre\bin\management_ext.dll
0x00007ffa803b0000 - 0x00007ffa803c8000 	C:\WINDOWS\SYSTEM32\CRYPTSP.dll
0x00007ffa7fb40000 - 0x00007ffa7fb74000 	C:\WINDOWS\system32\rsaenh.dll
0x00007ffa81320000 - 0x00007ffa81347000 	C:\WINDOWS\System32\bcrypt.dll
0x00007ffa80990000 - 0x00007ffa809be000 	C:\WINDOWS\SYSTEM32\USERENV.dll
0x00007ffa803d0000 - 0x00007ffa803dc000 	C:\WINDOWS\SYSTEM32\CRYPTBASE.dll
0x00007ffa7feb0000 - 0x00007ffa7feeb000 	C:\WINDOWS\SYSTEM32\IPHLPAPI.DLL
0x00007ffa82410000 - 0x00007ffa82418000 	C:\WINDOWS\System32\NSI.dll
0x00007ffa76f00000 - 0x00007ffa76f17000 	C:\WINDOWS\SYSTEM32\dhcpcsvc6.DLL
0x00007ffa76de0000 - 0x00007ffa76dfd000 	C:\WINDOWS\SYSTEM32\dhcpcsvc.DLL
0x00007ffa7fef0000 - 0x00007ffa7ffba000 	C:\WINDOWS\SYSTEM32\DNSAPI.dll
0x00007ffa67fa0000 - 0x00007ffa67fc7000 	C:\Program Files\Android\Android Studio\jre\bin\sunec.dll
0x00007ffa791a0000 - 0x00007ffa791aa000 	C:\Windows\System32\rasadhlp.dll
0x00007ffa6fe40000 - 0x00007ffa6fec0000 	C:\WINDOWS\System32\fwpuclnt.dll
0x00007ffa7f7d0000 - 0x00007ffa7f803000 	C:\WINDOWS\SYSTEM32\ntmarta.dll

dbghelp: loaded successfully - version: 4.0.5 - missing functions: none
symbol engine: initialized successfully - sym options: 0x614 - pdb path: .;C:\Program Files\Android\Android Studio\jre\bin;C:\WINDOWS\SYSTEM32;C:\WINDOWS\WinSxS\amd64_microsoft.windows.common-controls_6595b64144ccf1df_6.0.19041.1110_none_60b5254171f9507e;C:\Program Files\Android\Android Studio\jre\bin\server;C:\Users\Vann\.gradle\native\e1d6ef7f7dcc3fd88c89a11ec53ec762bb8ba0a96d01ffa2cd45eb1d1d8dd5c5\windows-amd64;C:\Users\Vann\.gradle\native\5664cfc778a61ccfe75a443a1ab52a65af34e5dc3c78e0209fed803814484fcb\windows-amd64

VM Arguments:
jvm_args: --add-opens=java.base/java.util=ALL-UNNAMED --add-opens=java.base/java.lang=ALL-UNNAMED --add-opens=java.base/java.lang.invoke=ALL-UNNAMED --add-opens=java.base/java.util=ALL-UNNAMED --add-opens=java.prefs/java.util.prefs=ALL-UNNAMED --add-opens=java.prefs/java.util.prefs=ALL-UNNAMED --add-opens=java.base/java.nio.charset=ALL-UNNAMED --add-opens=java.base/java.net=ALL-UNNAMED --add-opens=java.base/java.util.concurrent.atomic=ALL-UNNAMED -Xmx2048m -Dfile.encoding=UTF-8 -Duser.country=US -Duser.language=en -Duser.variant 
java_command: org.gradle.launcher.daemon.bootstrap.GradleDaemon 7.3.3
java_class_path (initial): C:\Users\Vann\.gradle\wrapper\dists\gradle-7.3.3-bin\6a41zxkdtcxs8rphpq6y0069z\gradle-7.3.3\lib\gradle-launcher-7.3.3.jar
Launcher Type: SUN_STANDARD

[Global flags]
     intx CICompilerCount                          = 3                                         {product} {ergonomic}
     uint ConcGCThreads                            = 1                                         {product} {ergonomic}
     uint G1ConcRefinementThreads                  = 4                                         {product} {ergonomic}
   size_t G1HeapRegionSize                         = 1048576                                   {product} {ergonomic}
    uintx GCDrainStackTargetSize                   = 64                                        {product} {ergonomic}
   size_t InitialHeapSize                          = 201326592                                 {product} {ergonomic}
   size_t MarkStackSize                            = 4194304                                   {product} {ergonomic}
   size_t MaxHeapSize                              = 2147483648                                {product} {command line}
   size_t MaxNewSize                               = 1287651328                                {product} {ergonomic}
   size_t MinHeapDeltaBytes                        = 1048576                                   {product} {ergonomic}
    uintx NonNMethodCodeHeapSize                   = 5830732                                {pd product} {ergonomic}
    uintx NonProfiledCodeHeapSize                  = 122913754                              {pd product} {ergonomic}
    uintx ProfiledCodeHeapSize                     = 122913754                              {pd product} {ergonomic}
    uintx ReservedCodeCacheSize                    = 251658240                              {pd product} {ergonomic}
     bool SegmentedCodeCache                       = true                                      {product} {ergonomic}
     bool UseCompressedClassPointers               = true                                 {lp64_product} {ergonomic}
     bool UseCompressedOops                        = true                                 {lp64_product} {ergonomic}
     bool UseG1GC                                  = true                                      {product} {ergonomic}
     bool UseLargePagesIndividualAllocation        = false                                  {pd product} {ergonomic}

Logging:
Log output configuration:
 #0: stdout all=warning uptime,level,tags
 #1: stderr all=off uptime,level,tags

Environment Variables:
JAVA_HOME=C:\Program Files\Java\jdk-15.0.2
PATH=C:\Program Files\Microsoft MPI\Bin\;C:\WINDOWS\system32;C:\WINDOWS;C:\WINDOWS\System32\Wbem;C:\WINDOWS\System32\WindowsPowerShell\v1.0\;C:\WINDOWS\System32\OpenSSH\;C:\Program Files\Java\jdk-15.0.2\bin;C:\Program Files (x86)\Microsoft SQL Server\150\Tools\Binn\;C:\Program Files\Microsoft SQL Server\150\Tools\Binn\;C:\Program Files (x86)\Microsoft SQL Server\150\DTS\Binn\;C:\Program Files\Microsoft SQL Server\150\DTS\Binn\;C:\Program Files\Microsoft SQL Server\Client SDK\ODBC\170\Tools\Binn\;C:\Program Files\Git\cmd;C:\Program Files (x86)\dotnet\;C:\Users\Vann\AppData\Local\Programs\Python\Python310\Scripts\;C:\Users\Vann\AppData\Local\Programs\Python\Python310\;C:\Users\Vann\AppData\Local\Microsoft\WindowsApps;C:\Users\Vann\AppData\Local\Programs\Microsoft VS Code\bin;C:\Program Files\Azure Data Studio\bin;C:\Users\Vann\Documents\Code\flutter_windows_2.10.3-stable\flutter\bin;C:\Program Files\JetBrains\IntelliJ IDEA Community Edition 2022.1.3\bin;;C:\Program Files\JetBrains\PyCharm 2020.3.1\bin;
USERNAME=Vann
OS=Windows_NT
PROCESSOR_IDENTIFIER=Intel64 Family 6 Model 78 Stepping 3, GenuineIntel



---------------  S Y S T E M  ---------------

OS: Windows 10 , 64 bit Build 19041 (10.0.19041.1889)
OS uptime: 2 days 21:17 hours

CPU:total 4 (initial active 4) (2 cores per cpu, 2 threads per core) family 6 model 78 stepping 3 microcode 0xea, cmov, cx8, fxsr, mmx, sse, sse2, sse3, ssse3, sse4.1, sse4.2, popcnt, avx, avx2, aes, clmul, erms, rtm, 3dnowpref, lzcnt, ht, tsc, tscinvbit, bmi1, bmi2, adx, fma

Memory: 4k page, system-wide physical 12179M (164M free)
TotalPageFile size 42610M (AvailPageFile size 77M)
current process WorkingSet (physical memory assigned to process): 638M, peak: 644M
current process commit charge ("private bytes"): 784M, peak: 1073M

vm_info: OpenJDK 64-Bit Server VM (11.0.12+7-b1504.28-7817840) for windows-amd64 JRE (11.0.12+7-b1504.28-7817840), built on Oct 13 2021 22:12:33 by "builder" with MS VC++ 14.0 (VS2015)

END.
